#0 building with "desktop-linux" instance using docker driver

#1 [internal] load build definition from Dockerfile
#1 transferring dockerfile: 1.50kB done
#1 DONE 0.0s

#2 [auth] library/python:pull token for registry-1.docker.io
#2 DONE 0.0s

#3 [internal] load metadata for docker.io/library/python:3.11-alpine
#3 DONE 2.7s

#4 [internal] load .dockerignore
#4 transferring context: 2B done
#4 DONE 0.0s

#5 [1/7] FROM docker.io/library/python:3.11-alpine@sha256:9ce54d7ed458f71129c977478dd106cf6165a49b73fa38c217cc54de8f3e2bd0
#5 resolve docker.io/library/python:3.11-alpine@sha256:9ce54d7ed458f71129c977478dd106cf6165a49b73fa38c217cc54de8f3e2bd0 done
#5 CACHED

#6 [internal] load build context
#6 transferring context: 1.65kB done
#6 DONE 0.0s

#7 [2/7] RUN apk add --no-cache --virtual .build-deps     gcc     g++     make     musl-dev     postgresql-dev     libffi-dev     && apk add --no-cache     postgresql-client     curl     ca-certificates
#7 0.105 fetch https://dl-cdn.alpinelinux.org/alpine/v3.22/main/aarch64/APKINDEX.tar.gz
#7 1.485 fetch https://dl-cdn.alpinelinux.org/alpine/v3.22/community/aarch64/APKINDEX.tar.gz
#7 2.140 (1/49) Installing libgcc (14.2.0-r6)
#7 2.301 (2/49) Installing jansson (2.14.1-r0)
#7 2.466 (3/49) Installing libstdc++ (14.2.0-r6)
#7 2.969 (4/49) Installing zstd-libs (1.5.7-r0)
#7 3.285 (5/49) Installing binutils (2.44-r2)
#7 4.649 (6/49) Installing libgomp (14.2.0-r6)
#7 4.854 (7/49) Installing libatomic (14.2.0-r6)
#7 4.970 (8/49) Installing gmp (6.3.0-r3)
#7 5.193 (9/49) Installing isl26 (0.26-r1)
#7 5.686 (10/49) Installing mpfr4 (4.2.1_p1-r0)
#7 5.926 (11/49) Installing mpc1 (1.3.1-r1)
#7 6.323 (12/49) Installing gcc (14.2.0-r6)
#7 16.51 (13/49) Installing libstdc++-dev (14.2.0-r6)
#7 17.33 (14/49) Installing musl-dev (1.2.5-r10)
#7 17.89 (15/49) Installing g++ (14.2.0-r6)
#7 20.04 (16/49) Installing make (4.4.1-r3)
#7 20.20 (17/49) Installing libpq (17.5-r0)
#7 20.35 (18/49) Installing pkgconf (2.4.3-r0)
#7 20.56 (19/49) Installing openssl-dev (3.5.1-r0)
#7 21.51 (20/49) Installing libpq-dev (17.5-r0)
#7 22.54 (21/49) Installing libecpg (17.5-r0)
#7 22.73 (22/49) Installing libecpg-dev (17.5-r0)
#7 23.25 (23/49) Installing clang18-headers (18.1.8-r5)
#7 24.46 (24/49) Installing libxml2 (2.13.8-r0)
#7 25.07 (25/49) Installing llvm18-libs (18.1.8-r5)
#7 38.79 (26/49) Installing clang18-libs (18.1.8-r5)
#7 43.71 (27/49) Installing fortify-headers (1.1-r5)
#7 43.83 (28/49) Installing llvm18-linker-tools (18.1.8-r5)
#7 44.28 (29/49) Installing clang18 (18.1.8-r5)
#7 44.54 (30/49) Installing icu-data-en (76.1-r1)
#7 44.81 Executing icu-data-en-76.1-r1.post-install
#7 44.81 *
#7 44.81 * If you need ICU with non-English locales and legacy charset support, install
#7 44.81 * package icu-data-full.
#7 44.81 *
#7 44.81 (31/49) Installing icu-libs (76.1-r1)
#7 45.53 (32/49) Installing icu (76.1-r1)
#7 45.77 (33/49) Installing icu-dev (76.1-r1)
#7 46.10 (34/49) Installing brotli-libs (1.1.0-r2)
#7 46.31 (35/49) Installing c-ares (1.34.5-r0)
#7 46.44 (36/49) Installing libunistring (1.3-r0)
#7 46.70 (37/49) Installing libidn2 (2.3.7-r0)
#7 46.86 (38/49) Installing nghttp2-libs (1.65.0-r0)
#7 47.06 (39/49) Installing libpsl (0.21.5-r3)
#7 47.44 (40/49) Installing libcurl (8.14.1-r1)
#7 47.92 (41/49) Installing llvm18 (18.1.8-r5)
#7 60.75 (42/49) Installing lz4-libs (1.10.0-r0)
#7 60.92 (43/49) Installing lz4-dev (1.10.0-r0)
#7 61.04 (44/49) Installing zstd (1.5.7-r0)
#7 61.46 (45/49) Installing zstd-dev (1.5.7-r0)
#7 61.73 (46/49) Installing postgresql17-dev (17.5-r0)
#7 64.74 (47/49) Installing linux-headers (6.14.2-r0)
#7 66.33 (48/49) Installing libffi-dev (3.4.8-r0)
#7 66.49 (49/49) Installing .build-deps (20250730.070756)
#7 66.49 Executing busybox-1.37.0-r18.trigger
#7 66.51 OK: 615 MiB in 87 packages
#7 66.59 fetch https://dl-cdn.alpinelinux.org/alpine/v3.22/main/aarch64/APKINDEX.tar.gz
#7 67.32 fetch https://dl-cdn.alpinelinux.org/alpine/v3.22/community/aarch64/APKINDEX.tar.gz
#7 68.07 (1/3) Installing curl (8.14.1-r1)
#7 68.55 (2/3) Installing postgresql-common (1.2-r1)
#7 68.62 Executing postgresql-common-1.2-r1.pre-install
#7 68.63 (3/3) Installing postgresql17-client (17.5-r0)
#7 69.31 Executing busybox-1.37.0-r18.trigger
#7 69.32 Executing postgresql-common-1.2-r1.trigger
#7 69.32 * Setting postgresql17 as the default version
#7 69.38 WARNING: opening from cache https://dl-cdn.alpinelinux.org/alpine/v3.22/main: No such file or directory
#7 69.38 WARNING: opening from cache https://dl-cdn.alpinelinux.org/alpine/v3.22/community: No such file or directory
#7 69.38 OK: 619 MiB in 90 packages
#7 DONE 69.7s

#8 [3/7] WORKDIR /app
#8 DONE 0.0s

#9 [4/7] COPY requirements.txt .
#9 DONE 0.0s

#10 [5/7] RUN pip install --upgrade pip setuptools wheel &&     pip install --only-binary=all --prefer-binary --no-compile --retries 3 --timeout 300 -r requirements.txt ||     pip install --retries 3 --timeout 300 -r requirements.txt
#10 1.339 Requirement already satisfied: pip in /usr/local/lib/python3.11/site-packages (24.0)
#10 1.706 Collecting pip
#10 1.942   Downloading pip-25.1.1-py3-none-any.whl.metadata (3.6 kB)
#10 2.239 Requirement already satisfied: setuptools in /usr/local/lib/python3.11/site-packages (65.5.1)
#10 2.625 Collecting setuptools
#10 2.685   Downloading setuptools-80.9.0-py3-none-any.whl.metadata (6.6 kB)
#10 2.728 Requirement already satisfied: wheel in /usr/local/lib/python3.11/site-packages (0.45.1)
#10 3.017 Downloading pip-25.1.1-py3-none-any.whl (1.8 MB)
#10 3.768    ━━━━━━━━━━━━━━━━━━━━━━━━━━━━━━━━━━━━━━━━ 1.8/1.8 MB 2.6 MB/s eta 0:00:00
#10 3.828 Downloading setuptools-80.9.0-py3-none-any.whl (1.2 MB)
#10 4.231    ━━━━━━━━━━━━━━━━━━━━━━━━━━━━━━━━━━━━━━━━ 1.2/1.2 MB 3.4 MB/s eta 0:00:00
#10 4.280 Installing collected packages: setuptools, pip
#10 4.280   Attempting uninstall: setuptools
#10 4.281     Found existing installation: setuptools 65.5.1
#10 4.295     Uninstalling setuptools-65.5.1:
#10 4.368       Successfully uninstalled setuptools-65.5.1
#10 4.781   Attempting uninstall: pip
#10 4.783     Found existing installation: pip 24.0
#10 4.809     Uninstalling pip-24.0:
#10 4.921       Successfully uninstalled pip-24.0
#10 5.460 Successfully installed pip-25.1.1 setuptools-80.9.0
#10 5.461 WARNING: Running pip as the 'root' user can result in broken permissions and conflicting behaviour with the system package manager. It is recommended to use a virtual environment instead: https://pip.pypa.io/warnings/venv
#10 6.307 Collecting fastapi==0.104.1 (from -r requirements.txt (line 1))
#10 6.561   Downloading fastapi-0.104.1-py3-none-any.whl.metadata (24 kB)
#10 6.787 Collecting uvicorn==0.24.0 (from uvicorn[standard]==0.24.0->-r requirements.txt (line 2))
#10 6.851   Downloading uvicorn-0.24.0-py3-none-any.whl.metadata (6.4 kB)
#10 7.376 Collecting sqlalchemy==2.0.23 (from -r requirements.txt (line 3))
#10 7.440   Downloading SQLAlchemy-2.0.23-cp311-cp311-musllinux_1_1_aarch64.whl.metadata (9.6 kB)
#10 7.970 Collecting psycopg2-binary==2.9.9 (from -r requirements.txt (line 4))
#10 8.033   Downloading psycopg2_binary-2.9.9-cp311-cp311-musllinux_1_1_aarch64.whl.metadata (4.4 kB)
#10 8.326 Collecting pydantic==2.5.0 (from -r requirements.txt (line 5))
#10 8.441   Downloading pydantic-2.5.0-py3-none-any.whl.metadata (174 kB)
#10 8.700 Collecting python-jose==3.3.0 (from python-jose[cryptography]==3.3.0->-r requirements.txt (line 7))
#10 8.769   Downloading python_jose-3.3.0-py2.py3-none-any.whl.metadata (5.4 kB)
#10 8.888 Collecting passlib==1.7.4 (from passlib[bcrypt]==1.7.4->-r requirements.txt (line 8))
#10 8.956   Downloading passlib-1.7.4-py2.py3-none-any.whl.metadata (1.7 kB)
#10 9.202 Collecting stripe (from -r requirements.txt (line 9))
#10 9.265   Downloading stripe-12.3.0-py2.py3-none-any.whl.metadata (2.9 kB)
#10 9.705 Collecting python-dotenv==1.0.0 (from -r requirements.txt (line 10))
#10 9.768   Downloading python_dotenv-1.0.0-py3-none-any.whl.metadata (21 kB)
#10 9.978 Collecting alembic==1.12.1 (from -r requirements.txt (line 11))
#10 10.04   Downloading alembic-1.12.1-py3-none-any.whl.metadata (7.3 kB)
#10 10.25 Collecting prometheus-client==0.17.1 (from -r requirements.txt (line 12))
#10 10.31   Downloading prometheus_client-0.17.1-py3-none-any.whl.metadata (24 kB)
#10 10.60 Collecting kafka-python==2.0.2 (from -r requirements.txt (line 13))
#10 10.66   Downloading kafka_python-2.0.2-py2.py3-none-any.whl.metadata (7.8 kB)
#10 11.20 Collecting pytest==7.4.3 (from -r requirements.txt (line 14))
#10 11.26   Downloading pytest-7.4.3-py3-none-any.whl.metadata (7.9 kB)
#10 11.80 Collecting pytest-cov==4.1.0 (from -r requirements.txt (line 15))
#10 11.87   Downloading pytest_cov-4.1.0-py3-none-any.whl.metadata (26 kB)
#10 12.41 Collecting requests==2.31.0 (from -r requirements.txt (line 16))
#10 12.48   Downloading requests-2.31.0-py3-none-any.whl.metadata (4.6 kB)
#10 12.82 Collecting redis==5.0.1 (from -r requirements.txt (line 17))
#10 12.88   Downloading redis-5.0.1-py3-none-any.whl.metadata (8.9 kB)
#10 13.20 Collecting anyio<4.0.0,>=3.7.1 (from fastapi==0.104.1->-r requirements.txt (line 1))
#10 13.33   Downloading anyio-3.7.1-py3-none-any.whl.metadata (4.7 kB)
#10 13.60 Collecting starlette<0.28.0,>=0.27.0 (from fastapi==0.104.1->-r requirements.txt (line 1))
#10 13.66   Downloading starlette-0.27.0-py3-none-any.whl.metadata (5.8 kB)
#10 14.01 Collecting typing-extensions>=4.8.0 (from fastapi==0.104.1->-r requirements.txt (line 1))
#10 14.08   Downloading typing_extensions-4.14.1-py3-none-any.whl.metadata (3.0 kB)
#10 14.23 Collecting annotated-types>=0.4.0 (from pydantic==2.5.0->-r requirements.txt (line 5))
#10 14.30   Downloading annotated_types-0.7.0-py3-none-any.whl.metadata (15 kB)
#10 18.29 Collecting pydantic-core==2.14.1 (from pydantic==2.5.0->-r requirements.txt (line 5))
#10 18.35   Downloading pydantic_core-2.14.1-cp311-cp311-musllinux_1_1_aarch64.whl.metadata (6.5 kB)
#10 18.57 Collecting click>=7.0 (from uvicorn==0.24.0->uvicorn[standard]==0.24.0->-r requirements.txt (line 2))
#10 18.63   Downloading click-8.2.1-py3-none-any.whl.metadata (2.5 kB)
#10 19.00 Collecting h11>=0.8 (from uvicorn==0.24.0->uvicorn[standard]==0.24.0->-r requirements.txt (line 2))
#10 19.06   Downloading h11-0.16.0-py3-none-any.whl.metadata (8.3 kB)
#10 20.00 Collecting greenlet!=0.4.17 (from sqlalchemy==2.0.23->-r requirements.txt (line 3))
#10 20.06   Downloading greenlet-3.2.3-cp311-cp311-musllinux_1_1_aarch64.whl.metadata (4.1 kB)
#10 20.22 Collecting ecdsa!=0.15 (from python-jose==3.3.0->python-jose[cryptography]==3.3.0->-r requirements.txt (line 7))
#10 20.28   Downloading ecdsa-0.19.1-py2.py3-none-any.whl.metadata (29 kB)
#10 20.64 Collecting rsa (from python-jose==3.3.0->python-jose[cryptography]==3.3.0->-r requirements.txt (line 7))
#10 20.75   Downloading rsa-4.9.1-py3-none-any.whl.metadata (5.6 kB)
#10 20.98 Collecting pyasn1 (from python-jose==3.3.0->python-jose[cryptography]==3.3.0->-r requirements.txt (line 7))
#10 21.04   Downloading pyasn1-0.6.1-py3-none-any.whl.metadata (8.4 kB)
#10 21.27 Collecting Mako (from alembic==1.12.1->-r requirements.txt (line 11))
#10 21.33   Downloading mako-1.3.10-py3-none-any.whl.metadata (2.9 kB)
#10 21.41 Collecting iniconfig (from pytest==7.4.3->-r requirements.txt (line 14))
#10 21.47   Downloading iniconfig-2.1.0-py3-none-any.whl.metadata (2.7 kB)
#10 21.65 Collecting packaging (from pytest==7.4.3->-r requirements.txt (line 14))
#10 21.71   Downloading packaging-25.0-py3-none-any.whl.metadata (3.3 kB)
#10 21.86 Collecting pluggy<2.0,>=0.12 (from pytest==7.4.3->-r requirements.txt (line 14))
#10 21.92   Downloading pluggy-1.6.0-py3-none-any.whl.metadata (4.8 kB)
#10 29.33 Collecting coverage>=5.2.1 (from coverage[toml]>=5.2.1->pytest-cov==4.1.0->-r requirements.txt (line 15))
#10 29.39   Downloading coverage-7.10.1-cp311-cp311-musllinux_1_2_aarch64.whl.metadata (8.9 kB)
#10 30.16 Collecting charset-normalizer<4,>=2 (from requests==2.31.0->-r requirements.txt (line 16))
#10 30.23   Downloading charset_normalizer-3.4.2-cp311-cp311-musllinux_1_2_aarch64.whl.metadata (35 kB)
#10 30.59 Collecting idna<4,>=2.5 (from requests==2.31.0->-r requirements.txt (line 16))
#10 30.65   Downloading idna-3.10-py3-none-any.whl.metadata (10 kB)
#10 31.15 Collecting urllib3<3,>=1.21.1 (from requests==2.31.0->-r requirements.txt (line 16))
#10 31.22   Downloading urllib3-2.5.0-py3-none-any.whl.metadata (6.5 kB)
#10 31.46 Collecting certifi>=2017.4.17 (from requests==2.31.0->-r requirements.txt (line 16))
#10 31.52   Downloading certifi-2025.7.14-py3-none-any.whl.metadata (2.4 kB)
#10 31.86 Collecting bcrypt>=3.1.0 (from passlib[bcrypt]==1.7.4->-r requirements.txt (line 8))
#10 31.92   Downloading bcrypt-4.3.0-cp39-abi3-musllinux_1_2_aarch64.whl.metadata (10 kB)
#10 32.07 Collecting email-validator>=2.0.0 (from pydantic[email]==2.5.0->-r requirements.txt (line 6))
#10 32.14   Downloading email_validator-2.2.0-py3-none-any.whl.metadata (25 kB)
#10 33.75 Collecting cryptography>=3.4.0 (from python-jose[cryptography]==3.3.0->-r requirements.txt (line 7))
#10 33.81   Downloading cryptography-45.0.5-cp311-abi3-musllinux_1_2_aarch64.whl.metadata (5.7 kB)
#10 34.11 Collecting httptools>=0.5.0 (from uvicorn[standard]==0.24.0->-r requirements.txt (line 2))
#10 34.17   Downloading httptools-0.6.4-cp311-cp311-musllinux_1_2_aarch64.whl.metadata (3.6 kB)
#10 38.05 Collecting pyyaml>=5.1 (from uvicorn[standard]==0.24.0->-r requirements.txt (line 2))
#10 38.17   Downloading PyYAML-6.0.2-cp311-cp311-musllinux_1_1_aarch64.whl.metadata (2.1 kB)
#10 38.47 Collecting uvloop!=0.15.0,!=0.15.1,>=0.14.0 (from uvicorn[standard]==0.24.0->-r requirements.txt (line 2))
#10 38.54   Downloading uvloop-0.21.0-cp311-cp311-musllinux_1_2_aarch64.whl.metadata (4.9 kB)
#10 39.03 Collecting watchfiles>=0.13 (from uvicorn[standard]==0.24.0->-r requirements.txt (line 2))
#10 39.09   Downloading watchfiles-1.1.0-cp311-cp311-musllinux_1_1_aarch64.whl.metadata (4.9 kB)
#10 39.62 Collecting websockets>=10.4 (from uvicorn[standard]==0.24.0->-r requirements.txt (line 2))
#10 39.69   Downloading websockets-15.0.1-cp311-cp311-musllinux_1_2_aarch64.whl.metadata (6.8 kB)
#10 39.79 Collecting sniffio>=1.1 (from anyio<4.0.0,>=3.7.1->fastapi==0.104.1->-r requirements.txt (line 1))
#10 39.91   Downloading sniffio-1.3.1-py3-none-any.whl.metadata (3.9 kB)
#10 40.66 Collecting cffi>=1.14 (from cryptography>=3.4.0->python-jose[cryptography]==3.3.0->-r requirements.txt (line 7))
#10 40.72   Downloading cffi-1.17.1-cp311-cp311-musllinux_1_1_aarch64.whl.metadata (1.5 kB)
#10 40.81 Collecting pycparser (from cffi>=1.14->cryptography>=3.4.0->python-jose[cryptography]==3.3.0->-r requirements.txt (line 7))
#10 40.87   Downloading pycparser-2.22-py3-none-any.whl.metadata (943 bytes)
#10 40.95 Collecting six>=1.9.0 (from ecdsa!=0.15->python-jose==3.3.0->python-jose[cryptography]==3.3.0->-r requirements.txt (line 7))
#10 41.02   Downloading six-1.17.0-py2.py3-none-any.whl.metadata (1.7 kB)
#10 42.70 Collecting dnspython>=2.0.0 (from email-validator>=2.0.0->pydantic[email]==2.5.0->-r requirements.txt (line 6))
#10 42.77   Downloading dnspython-2.7.0-py3-none-any.whl.metadata (5.8 kB)
#10 43.52 Collecting MarkupSafe>=0.9.2 (from Mako->alembic==1.12.1->-r requirements.txt (line 11))
#10 43.59   Downloading MarkupSafe-3.0.2-cp311-cp311-musllinux_1_2_aarch64.whl.metadata (4.0 kB)
#10 43.89 Downloading fastapi-0.104.1-py3-none-any.whl (92 kB)
#10 45.51 Downloading pydantic-2.5.0-py3-none-any.whl (407 kB)
#10 52.06 Downloading uvicorn-0.24.0-py3-none-any.whl (59 kB)
#10 52.97 Downloading SQLAlchemy-2.0.23-cp311-cp311-musllinux_1_1_aarch64.whl (3.2 MB)
#10 59.33    ━━━━━━━━━━━━━━━━━━━━━━━━━━━━━━━━━━━━━━━━ 3.2/3.2 MB 624.4 kB/s eta 0:00:00
#10 59.40 Downloading psycopg2_binary-2.9.9-cp311-cp311-musllinux_1_1_aarch64.whl (2.4 MB)
#10 61.41    ━━━━━━━━━━━━━━━━━━━━━━━━━━━━━━━━━━━━━━━━ 2.4/2.4 MB 1.2 MB/s eta 0:00:00
#10 61.48 Downloading python_jose-3.3.0-py2.py3-none-any.whl (33 kB)
#10 61.88 Downloading passlib-1.7.4-py2.py3-none-any.whl (525 kB)
#10 62.33    ━━━━━━━━━━━━━━━━━━━━━━━━━━━━━━━━━━━━━━━━ 525.6/525.6 kB 1.2 MB/s eta 0:00:00
#10 62.39 Downloading python_dotenv-1.0.0-py3-none-any.whl (19 kB)
#10 62.49 Downloading alembic-1.12.1-py3-none-any.whl (226 kB)
#10 62.74 Downloading prometheus_client-0.17.1-py3-none-any.whl (60 kB)
#10 63.21 Downloading kafka_python-2.0.2-py2.py3-none-any.whl (246 kB)
#10 63.46 Downloading pytest-7.4.3-py3-none-any.whl (325 kB)
#10 64.04 Downloading pytest_cov-4.1.0-py3-none-any.whl (21 kB)
#10 64.21 Downloading requests-2.31.0-py3-none-any.whl (62 kB)
#10 64.31 Downloading redis-5.0.1-py3-none-any.whl (250 kB)
#10 64.89 Downloading pydantic_core-2.14.1-cp311-cp311-musllinux_1_1_aarch64.whl (2.0 MB)
#10 66.46    ━━━━━━━━━━━━━━━━━━━━━━━━━━━━━━━━━━━━━━━━ 2.0/2.0 MB 1.3 MB/s eta 0:00:00
#10 66.52 Downloading anyio-3.7.1-py3-none-any.whl (80 kB)
#10 66.72 Downloading charset_normalizer-3.4.2-cp311-cp311-musllinux_1_2_aarch64.whl (144 kB)
#10 67.10 Downloading idna-3.10-py3-none-any.whl (70 kB)
#10 67.26 Downloading pluggy-1.6.0-py3-none-any.whl (20 kB)
#10 67.37 Downloading starlette-0.27.0-py3-none-any.whl (66 kB)
#10 67.51 Downloading urllib3-2.5.0-py3-none-any.whl (129 kB)
#10 67.69 Downloading stripe-12.3.0-py2.py3-none-any.whl (1.6 MB)
#10 69.03    ━━━━━━━━━━━━━━━━━━━━━━━━━━━━━━━━━━━━━━━━ 1.6/1.6 MB 1.3 MB/s eta 0:00:00
#10 69.10 Downloading annotated_types-0.7.0-py3-none-any.whl (13 kB)
#10 69.17 Downloading bcrypt-4.3.0-cp39-abi3-musllinux_1_2_aarch64.whl (343 kB)
#10 69.60 Downloading certifi-2025.7.14-py3-none-any.whl (162 kB)
#10 69.82 Downloading click-8.2.1-py3-none-any.whl (102 kB)
#10 70.00 Downloading coverage-7.10.1-cp311-cp311-musllinux_1_2_aarch64.whl (246 kB)
#10 70.34 Downloading cryptography-45.0.5-cp311-abi3-musllinux_1_2_aarch64.whl (4.3 MB)
#10 73.65    ━━━━━━━━━━━━━━━━━━━━━━━━━━━━━━━━━━━━━━━━ 4.3/4.3 MB 1.3 MB/s eta 0:00:00
#10 73.94 Downloading cffi-1.17.1-cp311-cp311-musllinux_1_1_aarch64.whl (477 kB)
#10 74.39 Downloading ecdsa-0.19.1-py2.py3-none-any.whl (150 kB)
#10 74.62 Downloading email_validator-2.2.0-py3-none-any.whl (33 kB)
#10 74.77 Downloading dnspython-2.7.0-py3-none-any.whl (313 kB)
#10 75.16 Downloading greenlet-3.2.3-cp311-cp311-musllinux_1_1_aarch64.whl (1.1 MB)
#10 75.97    ━━━━━━━━━━━━━━━━━━━━━━━━━━━━━━━━━━━━━━━━ 1.1/1.1 MB 1.4 MB/s eta 0:00:00
#10 76.03 Downloading h11-0.16.0-py3-none-any.whl (37 kB)
#10 76.20 Downloading httptools-0.6.4-cp311-cp311-musllinux_1_2_aarch64.whl (433 kB)
#10 76.60 Downloading PyYAML-6.0.2-cp311-cp311-musllinux_1_1_aarch64.whl (735 kB)
#10 77.49    ━━━━━━━━━━━━━━━━━━━━━━━━━━━━━━━━━━━━━━━ 735.3/735.3 kB 735.3 kB/s eta 0:00:00
#10 77.55 Downloading six-1.17.0-py2.py3-none-any.whl (11 kB)
#10 77.67 Downloading sniffio-1.3.1-py3-none-any.whl (10 kB)
#10 77.75 Downloading typing_extensions-4.14.1-py3-none-any.whl (43 kB)
#10 78.16 Downloading uvloop-0.21.0-cp311-cp311-musllinux_1_2_aarch64.whl (3.8 MB)
#10 81.06    ━━━━━━━━━━━━━━━━━━━━━━━━━━━━━━━━━━━━━━━━ 3.8/3.8 MB 1.3 MB/s eta 0:00:00
#10 81.13 Downloading watchfiles-1.1.0-cp311-cp311-musllinux_1_1_aarch64.whl (626 kB)
#10 81.80    ━━━━━━━━━━━━━━━━━━━━━━━━━━━━━━━━━━━━━━━━ 626.5/626.5 kB 1.3 MB/s eta 0:00:00
#10 81.87 Downloading websockets-15.0.1-cp311-cp311-musllinux_1_2_aarch64.whl (182 kB)
#10 82.09 Downloading iniconfig-2.1.0-py3-none-any.whl (6.0 kB)
#10 82.15 Downloading mako-1.3.10-py3-none-any.whl (78 kB)
#10 82.30 Downloading MarkupSafe-3.0.2-cp311-cp311-musllinux_1_2_aarch64.whl (24 kB)
#10 83.19 Downloading packaging-25.0-py3-none-any.whl (66 kB)
#10 83.36 Downloading pyasn1-0.6.1-py3-none-any.whl (83 kB)
#10 83.64 Downloading pycparser-2.22-py3-none-any.whl (117 kB)
#10 83.83 Downloading rsa-4.9.1-py3-none-any.whl (34 kB)
#10 84.25 Installing collected packages: passlib, kafka-python, websockets, uvloop, urllib3, typing-extensions, sniffio, six, redis, pyyaml, python-dotenv, pycparser, pyasn1, psycopg2-binary, prometheus-client, pluggy, packaging, MarkupSafe, iniconfig, idna, httptools, h11, greenlet, dnspython, coverage, click, charset-normalizer, certifi, bcrypt, annotated-types, uvicorn, sqlalchemy, rsa, requests, pytest, pydantic-core, Mako, email-validator, ecdsa, cffi, anyio, watchfiles, stripe, starlette, python-jose, pytest-cov, pydantic, cryptography, alembic, fastapi
#10 85.06 
#10 85.06 Successfully installed Mako-1.3.10 MarkupSafe-3.0.2 alembic-1.12.1 annotated-types-0.7.0 anyio-3.7.1 bcrypt-4.3.0 certifi-2025.7.14 cffi-1.17.1 charset-normalizer-3.4.2 click-8.2.1 coverage-7.10.1 cryptography-45.0.5 dnspython-2.7.0 ecdsa-0.19.1 email-validator-2.2.0 fastapi-0.104.1 greenlet-3.2.3 h11-0.16.0 httptools-0.6.4 idna-3.10 iniconfig-2.1.0 kafka-python-2.0.2 packaging-25.0 passlib-1.7.4 pluggy-1.6.0 prometheus-client-0.17.1 psycopg2-binary-2.9.9 pyasn1-0.6.1 pycparser-2.22 pydantic-2.5.0 pydantic-core-2.14.1 pytest-7.4.3 pytest-cov-4.1.0 python-dotenv-1.0.0 python-jose-3.3.0 pyyaml-6.0.2 redis-5.0.1 requests-2.31.0 rsa-4.9.1 six-1.17.0 sniffio-1.3.1 sqlalchemy-2.0.23 starlette-0.27.0 stripe-12.3.0 typing-extensions-4.14.1 urllib3-2.5.0 uvicorn-0.24.0 uvloop-0.21.0 watchfiles-1.1.0 websockets-15.0.1
#10 85.07 WARNING: Running pip as the 'root' user can result in broken permissions and conflicting behaviour with the system package manager, possibly rendering your system unusable. It is recommended to use a virtual environment instead: https://pip.pypa.io/warnings/venv. Use the --root-user-action option if you know what you are doing and want to suppress this warning.
#10 DONE 85.8s

#11 [6/7] COPY . .
#11 DONE 0.0s

#12 [7/7] RUN chmod -R 755 /app
#12 DONE 0.2s

#13 exporting to image
#13 exporting layers
#13 exporting layers 14.4s done
#13 exporting manifest sha256:8a106e825efcadf0c7e1824c7b15d301a747b4b97b11f645b3a1f0c0d0f800d2 done
#13 exporting config sha256:1475dceda2bb582ee5bfa69dd3ee3618572551326a2c0ebde7e5b403bd67eb8a done
#13 exporting attestation manifest sha256:71fd711130a21b5408cb240d060432d013433afcca822e54f2fd563fc8eaa8f6 done
#13 exporting manifest list sha256:e976fbcc8d4c4781b0f7235b6676fbc81bd15d9f88a95a7e56cee8681c1729fa done
#13 naming to docker.io/library/test-backend-6gb:latest done
#13 unpacking to docker.io/library/test-backend-6gb:latest
#13 unpacking to docker.io/library/test-backend-6gb:latest 3.3s done
#13 DONE 17.8s
