t=2025-07-26T14:44:19+0530 lvl=info msg="no configuration paths supplied"
t=2025-07-26T14:44:19+0530 lvl=info msg="using configuration at default config path" path="/Users/coder/Library/Application Support/ngrok/ngrok.yml"
t=2025-07-26T14:44:19+0530 lvl=info msg="open config file" path="/Users/coder/Library/Application Support/ngrok/ngrok.yml" err=nil
t=2025-07-26T14:44:19+0530 lvl=info msg="starting web service" obj=web addr=127.0.0.1:4040 allow_hosts=[]
t=2025-07-26T14:44:20+0530 lvl=info msg="client session established" obj=tunnels.session
t=2025-07-26T14:44:20+0530 lvl=info msg="tunnel session started" obj=tunnels.session
t=2025-07-26T14:44:20+0530 lvl=info msg="started tunnel" obj=tunnels name=command_line addr=http://localhost:9040 url=https://23b77afcbbb1.ngrok-free.app
t=2025-07-26T14:44:29+0530 lvl=info msg=start pg=/api/tunnels id=781d89ed2af7d17b
t=2025-07-26T14:44:29+0530 lvl=info msg=end pg=/api/tunnels id=781d89ed2af7d17b status=200 dur=105.208µs
t=2025-07-26T14:46:57+0530 lvl=info msg=start pg=/api/tunnels id=ebf73ab8ea8398b6
t=2025-07-26T14:46:57+0530 lvl=info msg=end pg=/api/tunnels id=ebf73ab8ea8398b6 status=200 dur=272.041µs
t=2025-07-26T14:47:05+0530 lvl=info msg="join connections" obj=join id=6bd705494673 l=[::1]:9040 r=[2a09:bac5:40f4:1a96::2a6:6a]:61450
t=2025-07-26T14:47:05+0530 lvl=info msg="join connections" obj=join id=2ccc21effb33 l=[::1]:9040 r=[2a09:bac5:40f4:1a96::2a6:6a]:61450
t=2025-07-26T14:47:05+0530 lvl=info msg="join connections" obj=join id=c5ce9f946011 l=[::1]:9040 r=[2a09:bac5:40f4:1a96::2a6:6a]:61450
t=2025-07-26T14:47:05+0530 lvl=info msg="join connections" obj=join id=8807ca42754e l=[::1]:9040 r=[2a09:bac5:40f4:1a96::2a6:6a]:61450
t=2025-07-26T14:47:05+0530 lvl=info msg="join connections" obj=join id=acfb2ca8766f l=[::1]:9040 r=[2a09:bac5:40f4:1a96::2a6:6a]:61450
t=2025-07-26T14:47:05+0530 lvl=info msg="join connections" obj=join id=2bccdb6a1b15 l=[::1]:9040 r=[2a09:bac5:40f4:1a96::2a6:6a]:61450
t=2025-07-26T14:47:05+0530 lvl=info msg="join connections" obj=join id=f10e83117bfb l=[::1]:9040 r=[2a09:bac5:40f4:1a96::2a6:6a]:61450
t=2025-07-26T14:47:05+0530 lvl=info msg="join connections" obj=join id=a0d0ed088d30 l=[::1]:9040 r=[2a09:bac5:40f4:1a96::2a6:6a]:61450
t=2025-07-26T14:47:05+0530 lvl=info msg="join connections" obj=join id=4886aeae8e86 l=[::1]:9040 r=[2a09:bac5:40f4:1a96::2a6:6a]:61450
t=2025-07-26T14:47:05+0530 lvl=info msg="join connections" obj=join id=1ac6aa20cf19 l=[::1]:9040 r=[2a09:bac5:40f4:1a96::2a6:6a]:61450
t=2025-07-26T14:47:05+0530 lvl=info msg="join connections" obj=join id=1e7c9032b3b3 l=[::1]:9040 r=[2a09:bac5:40f4:1a96::2a6:6a]:61450
t=2025-07-26T14:47:05+0530 lvl=info msg="join connections" obj=join id=2f748245e128 l=[::1]:9040 r=[2a09:bac5:40f4:1a96::2a6:6a]:61450
t=2025-07-26T14:47:05+0530 lvl=info msg="join connections" obj=join id=01208c986231 l=[::1]:9040 r=[2a09:bac5:40f4:1a96::2a6:6a]:61450
t=2025-07-26T14:47:05+0530 lvl=info msg="join connections" obj=join id=c3cbd3f74a5e l=[::1]:9040 r=[2a09:bac5:40f4:1a96::2a6:6a]:61450
t=2025-07-26T14:47:05+0530 lvl=info msg="join connections" obj=join id=12c3f1e8f07a l=[::1]:9040 r=[2a09:bac5:40f4:1a96::2a6:6a]:61450
t=2025-07-26T14:47:05+0530 lvl=info msg="join connections" obj=join id=943351f170cc l=[::1]:9040 r=[2a09:bac5:40f4:1a96::2a6:6a]:61450
t=2025-07-26T14:47:05+0530 lvl=info msg="join connections" obj=join id=f6df98d5ed4e l=[::1]:9040 r=[2a09:bac5:40f4:1a96::2a6:6a]:61450
t=2025-07-26T14:47:05+0530 lvl=info msg="join connections" obj=join id=bc5f24e13a42 l=[::1]:9040 r=[2a09:bac5:40f4:1a96::2a6:6a]:61450
t=2025-07-26T14:47:05+0530 lvl=info msg="join connections" obj=join id=1b0ee45d95d1 l=[::1]:9040 r=[2a09:bac5:40f4:1a96::2a6:6a]:61450
t=2025-07-26T14:47:05+0530 lvl=info msg="join connections" obj=join id=5e59e8e54d73 l=[::1]:9040 r=[2a09:bac5:40f4:1a96::2a6:6a]:61450
t=2025-07-26T14:47:05+0530 lvl=info msg="join connections" obj=join id=0935b5400e28 l=[::1]:9040 r=[2a09:bac5:40f4:1a96::2a6:6a]:61450
t=2025-07-26T14:47:05+0530 lvl=info msg="join connections" obj=join id=a82a581f3b03 l=[::1]:9040 r=[2a09:bac5:40f4:1a96::2a6:6a]:61450
t=2025-07-26T14:47:05+0530 lvl=info msg="join connections" obj=join id=20273d64fdb8 l=[::1]:9040 r=[2a09:bac5:40f4:1a96::2a6:6a]:61450
t=2025-07-26T14:47:05+0530 lvl=info msg="join connections" obj=join id=9fa9dd5e6eb7 l=[::1]:9040 r=[2a09:bac5:40f4:1a96::2a6:6a]:61450
t=2025-07-26T14:47:05+0530 lvl=info msg="join connections" obj=join id=610ececa40fd l=[::1]:9040 r=[2a09:bac5:40f4:1a96::2a6:6a]:61450
t=2025-07-26T14:47:05+0530 lvl=info msg="join connections" obj=join id=d19e52d3fe42 l=[::1]:9040 r=[2a09:bac5:40f4:1a96::2a6:6a]:61450
t=2025-07-26T14:47:05+0530 lvl=info msg="join connections" obj=join id=d6963e455b0e l=[::1]:9040 r=[2a09:bac5:40f4:1a96::2a6:6a]:61450
t=2025-07-26T14:47:05+0530 lvl=info msg="join connections" obj=join id=a3d6497d7a99 l=[::1]:9040 r=[2a09:bac5:40f4:1a96::2a6:6a]:61450
t=2025-07-26T14:47:05+0530 lvl=info msg="join connections" obj=join id=784e6e8b4129 l=[::1]:9040 r=[2a09:bac5:40f4:1a96::2a6:6a]:61450
t=2025-07-26T14:47:06+0530 lvl=info msg="join connections" obj=join id=c578bf47afe3 l=[::1]:9040 r=[2a09:bac5:40f4:1a96::2a6:6a]:61450
t=2025-07-26T14:47:06+0530 lvl=info msg="join connections" obj=join id=d48edb45e848 l=[::1]:9040 r=[2a09:bac5:40f4:1a96::2a6:6a]:61450
t=2025-07-26T14:47:06+0530 lvl=info msg="join connections" obj=join id=1ac36398542f l=[::1]:9040 r=[2a09:bac5:40f4:1a96::2a6:6a]:61450
t=2025-07-26T14:47:06+0530 lvl=info msg="join connections" obj=join id=e8d3ce9bb0c5 l=[::1]:9040 r=[2a09:bac5:40f4:1a96::2a6:6a]:61450
t=2025-07-26T14:47:06+0530 lvl=info msg="join connections" obj=join id=df3f0aa5f7f0 l=[::1]:9040 r=[2a09:bac5:40f4:1a96::2a6:6a]:61450
t=2025-07-26T14:47:06+0530 lvl=info msg="join connections" obj=join id=d54cf7054684 l=[::1]:9040 r=[2a09:bac5:40f4:1a96::2a6:6a]:61450
t=2025-07-26T14:47:06+0530 lvl=info msg="join connections" obj=join id=3db15d256607 l=[::1]:9040 r=[2a09:bac5:40f4:1a96::2a6:6a]:61450
t=2025-07-26T14:47:06+0530 lvl=info msg="join connections" obj=join id=bcba99afe720 l=[::1]:9040 r=[2a09:bac5:40f4:1a96::2a6:6a]:61450
t=2025-07-26T14:47:06+0530 lvl=info msg="join connections" obj=join id=02b063ada499 l=[::1]:9040 r=[2a09:bac5:40f4:1a96::2a6:6a]:61450
t=2025-07-26T14:47:06+0530 lvl=info msg="join connections" obj=join id=adc39a211e02 l=[::1]:9040 r=[2a09:bac5:40f4:1a96::2a6:6a]:61450
t=2025-07-26T14:47:14+0530 lvl=info msg="join connections" obj=join id=1fdc649b7f89 l=[::1]:9040 r=104.28.255.239:20571
t=2025-07-26T14:47:21+0530 lvl=info msg="join connections" obj=join id=265ed0226122 l=[::1]:9040 r=[2a09:bac5:40f4:1a96::2a6:6a]:48864
t=2025-07-26T14:47:21+0530 lvl=info msg="join connections" obj=join id=260634a2cc53 l=[::1]:9040 r=[2a09:bac5:40f4:1a96::2a6:6a]:48864
t=2025-07-26T14:48:04+0530 lvl=info msg="join connections" obj=join id=2bf4db0b3367 l=[::1]:9040 r=140.82.115.154:16498
t=2025-07-26T14:48:17+0530 lvl=info msg="join connections" obj=join id=7199f341ecd7 l=[::1]:9040 r=[2a09:bac5:40f4:1a96::2a6:6a]:18400
t=2025-07-26T14:48:21+0530 lvl=info msg="join connections" obj=join id=4e77b6eac6ed l=[::1]:9040 r=[2a09:bac5:40f4:1a96::2a6:6a]:18400
t=2025-07-26T14:48:21+0530 lvl=info msg="join connections" obj=join id=93b3687695f1 l=[::1]:9040 r=[2a09:bac5:40f4:1a96::2a6:6a]:18400
t=2025-07-26T14:48:21+0530 lvl=info msg="join connections" obj=join id=3652825b9178 l=[::1]:9040 r=[2a09:bac5:40f4:1a96::2a6:6a]:18400
t=2025-07-26T14:48:21+0530 lvl=info msg="join connections" obj=join id=582e8d8c082f l=[::1]:9040 r=[2a09:bac5:40f4:1a96::2a6:6a]:18400
t=2025-07-26T14:48:21+0530 lvl=info msg="join connections" obj=join id=fe709fb237c5 l=[::1]:9040 r=[2a09:bac5:40f4:1a96::2a6:6a]:18400
t=2025-07-26T14:48:21+0530 lvl=info msg="join connections" obj=join id=f0fb515a32c0 l=[::1]:9040 r=[2a09:bac5:40f4:1a96::2a6:6a]:18400
t=2025-07-26T14:48:27+0530 lvl=info msg="join connections" obj=join id=002822b7cae0 l=[::1]:9040 r=[2a09:bac5:40f4:1a96::2a6:6a]:62606
t=2025-07-26T14:48:32+0530 lvl=info msg="join connections" obj=join id=3383fd679d7d l=[::1]:9040 r=[2a09:bac5:40f4:1a96::2a6:6a]:35936
t=2025-07-26T14:48:38+0530 lvl=info msg="join connections" obj=join id=f44dfac21aff l=[::1]:9040 r=[2a09:bac5:40f4:1a96::2a6:6a]:35202
t=2025-07-26T14:48:44+0530 lvl=info msg="join connections" obj=join id=20f53d9c67a4 l=[::1]:9040 r=[2a09:bac5:40f4:1a96::2a6:6a]:35216
t=2025-07-26T14:48:51+0530 lvl=info msg="join connections" obj=join id=3ed4c3c65fb7 l=[::1]:9040 r=[2a09:bac5:40f4:1a96::2a6:6a]:9192
t=2025-07-26T14:48:56+0530 lvl=info msg="join connections" obj=join id=944e044cd0f4 l=[::1]:9040 r=[2a09:bac5:40f4:1a96::2a6:6a]:9200
t=2025-07-26T14:49:02+0530 lvl=info msg="join connections" obj=join id=0c846427176f l=[::1]:9040 r=[2a09:bac5:40f4:1a96::2a6:6a]:49068
t=2025-07-26T14:49:08+0530 lvl=info msg="join connections" obj=join id=a573d2b83f13 l=[::1]:9040 r=[2a09:bac5:40f4:1a96::2a6:6a]:50914
t=2025-07-26T14:49:14+0530 lvl=info msg="join connections" obj=join id=acec70a8683c l=[::1]:9040 r=[2a09:bac5:40f4:1a96::2a6:6a]:50926
t=2025-07-26T14:49:21+0530 lvl=info msg="join connections" obj=join id=ff92a6d2ca0f l=[::1]:9040 r=[2a09:bac5:40f4:1a96::2a6:6a]:26566
t=2025-07-26T14:49:26+0530 lvl=info msg="join connections" obj=join id=86bb98745c43 l=[::1]:9040 r=[2a09:bac5:40f4:1a96::2a6:6a]:26570
t=2025-07-26T14:49:32+0530 lvl=info msg="join connections" obj=join id=3e03cebcff86 l=[::1]:9040 r=[2a09:bac5:40f4:1a96::2a6:6a]:12688
t=2025-07-26T14:49:38+0530 lvl=info msg="join connections" obj=join id=79d11ec8869e l=[::1]:9040 r=[2a09:bac5:40f4:1a96::2a6:6a]:33232
t=2025-07-26T14:49:44+0530 lvl=info msg="join connections" obj=join id=941027f718d2 l=[::1]:9040 r=[2a09:bac5:40f4:1a96::2a6:6a]:33238
t=2025-07-26T14:49:50+0530 lvl=info msg="join connections" obj=join id=a2e4f15020b7 l=[::1]:9040 r=[2a09:bac5:40f4:1a96::2a6:6a]:27490
t=2025-07-26T14:49:57+0530 lvl=info msg="join connections" obj=join id=c4f30075df90 l=[::1]:9040 r=[2a09:bac5:40f4:1a96::2a6:6a]:27500
t=2025-07-26T14:50:02+0530 lvl=info msg="join connections" obj=join id=ccbaad4b365c l=[::1]:9040 r=[2a09:bac5:40f4:1a96::2a6:6a]:24746
t=2025-07-26T14:50:08+0530 lvl=info msg="join connections" obj=join id=43f18cdf94c9 l=[::1]:9040 r=[2a09:bac5:40f4:1a96::2a6:6a]:25662
t=2025-07-26T14:50:14+0530 lvl=info msg="join connections" obj=join id=044b1ac20aeb l=[::1]:9040 r=[2a09:bac5:40f4:1a96::2a6:6a]:25668
t=2025-07-26T14:50:20+0530 lvl=info msg="join connections" obj=join id=f4057eae1b7c l=[::1]:9040 r=[2a09:bac5:40f4:1a96::2a6:6a]:18514
t=2025-07-26T14:50:27+0530 lvl=info msg="join connections" obj=join id=21c6dd218b91 l=[::1]:9040 r=[2a09:bac5:40f4:1a96::2a6:6a]:31298
t=2025-07-26T14:50:32+0530 lvl=info msg="join connections" obj=join id=b15f6f1f7c29 l=[::1]:9040 r=[2a09:bac5:40f4:1a96::2a6:6a]:38460
t=2025-07-26T14:50:38+0530 lvl=info msg="join connections" obj=join id=44cc5ebf6cb6 l=[::1]:9040 r=[2a09:bac5:40f4:1a96::2a6:6a]:39726
t=2025-07-26T14:50:44+0530 lvl=info msg="join connections" obj=join id=2ef55789cd81 l=[::1]:9040 r=[2a09:bac5:40f4:1a96::2a6:6a]:39732
t=2025-07-26T14:50:51+0530 lvl=info msg="join connections" obj=join id=7c206ed81618 l=[::1]:9040 r=[2a09:bac5:40f4:1a96::2a6:6a]:48450
t=2025-07-26T14:50:56+0530 lvl=info msg="join connections" obj=join id=2bad4345dada l=[::1]:9040 r=[2a09:bac5:40f4:1a96::2a6:6a]:48466
t=2025-07-26T14:51:02+0530 lvl=info msg="join connections" obj=join id=963025ae10a2 l=[::1]:9040 r=[2a09:bac5:40f4:1a96::2a6:6a]:25732
t=2025-07-26T14:51:08+0530 lvl=info msg="join connections" obj=join id=fa5cde65bfed l=[::1]:9040 r=[2a09:bac5:40f4:1a96::2a6:6a]:12960
t=2025-07-26T14:51:14+0530 lvl=info msg="join connections" obj=join id=21870c96e91f l=[::1]:9040 r=[2a09:bac5:40f4:1a96::2a6:6a]:12972
t=2025-07-26T14:51:20+0530 lvl=info msg="join connections" obj=join id=3b8c9d6b11e8 l=[::1]:9040 r=[2a09:bac5:40f4:1a96::2a6:6a]:17842
t=2025-07-26T14:51:26+0530 lvl=info msg="join connections" obj=join id=0b61a5dcedbc l=[::1]:9040 r=[2a09:bac5:40f4:1a96::2a6:6a]:17850
t=2025-07-26T14:51:33+0530 lvl=info msg="join connections" obj=join id=9b2bb09af862 l=[::1]:9040 r=[2a09:bac5:40f4:1a96::2a6:6a]:19074
t=2025-07-26T14:51:38+0530 lvl=info msg="join connections" obj=join id=f581756cee8b l=[::1]:9040 r=[2a09:bac5:40f4:1a96::2a6:6a]:12960
t=2025-07-26T14:51:44+0530 lvl=info msg="join connections" obj=join id=c8bc144f4946 l=[::1]:9040 r=[2a09:bac5:40f4:1a96::2a6:6a]:12970
t=2025-07-26T14:51:50+0530 lvl=info msg="join connections" obj=join id=ec4df30c439a l=[::1]:9040 r=[2a09:bac5:40f4:1a96::2a6:6a]:31358
t=2025-07-26T14:51:56+0530 lvl=info msg="join connections" obj=join id=fb89a0417c09 l=[::1]:9040 r=[2a09:bac5:40f4:1a96::2a6:6a]:31366
t=2025-07-26T14:52:02+0530 lvl=info msg="join connections" obj=join id=e1b6ba0b6ada l=[::1]:9040 r=[2a09:bac5:40f4:1a96::2a6:6a]:15240
t=2025-07-26T14:52:08+0530 lvl=info msg="join connections" obj=join id=a1ef4a37d270 l=[::1]:9040 r=[2a09:bac5:40f4:1a96::2a6:6a]:54264
t=2025-07-26T14:52:14+0530 lvl=info msg="join connections" obj=join id=535954a52c93 l=[::1]:9040 r=[2a09:bac5:40f4:1a96::2a6:6a]:54284
t=2025-07-26T14:52:20+0530 lvl=info msg="join connections" obj=join id=2201be5aedb1 l=[::1]:9040 r=[2a09:bac5:40f4:1a96::2a6:6a]:23196
t=2025-07-26T14:52:27+0530 lvl=info msg="join connections" obj=join id=0f5eadd70ea4 l=[::1]:9040 r=[2a09:bac5:40f4:1a96::2a6:6a]:23208
t=2025-07-26T14:52:32+0530 lvl=info msg="join connections" obj=join id=e816301b8cf2 l=[::1]:9040 r=[2a09:bac5:40f4:1a96::2a6:6a]:28052
t=2025-07-26T14:52:38+0530 lvl=info msg="join connections" obj=join id=57c34fa7f596 l=[::1]:9040 r=[2a09:bac5:40f4:1a96::2a6:6a]:12518
t=2025-07-26T14:52:44+0530 lvl=info msg="join connections" obj=join id=28146bae6a6e l=[::1]:9040 r=[2a09:bac5:40f4:1a96::2a6:6a]:12532
t=2025-07-26T14:52:50+0530 lvl=info msg="join connections" obj=join id=9121e7880a29 l=[::1]:9040 r=[2a09:bac5:40f4:1a96::2a6:6a]:46008
t=2025-07-26T14:52:56+0530 lvl=info msg="join connections" obj=join id=1afad4c6fab6 l=[::1]:9040 r=[2a09:bac5:40f4:1a96::2a6:6a]:46012
t=2025-07-26T14:53:03+0530 lvl=info msg="join connections" obj=join id=c99282f63531 l=[::1]:9040 r=[2a09:bac5:40f4:1a96::2a6:6a]:63260
t=2025-07-26T14:53:08+0530 lvl=info msg="join connections" obj=join id=939d22e8fb5b l=[::1]:9040 r=[2a09:bac5:40f4:1a96::2a6:6a]:48106
t=2025-07-26T14:53:15+0530 lvl=info msg="join connections" obj=join id=7b5f317922b0 l=[::1]:9040 r=[2a09:bac5:40f4:1a96::2a6:6a]:48116
t=2025-07-26T14:53:20+0530 lvl=info msg="join connections" obj=join id=6efff2b26481 l=[::1]:9040 r=[2a09:bac5:40f4:1a96::2a6:6a]:47318
t=2025-07-26T14:53:26+0530 lvl=info msg="join connections" obj=join id=e66b6a2a5dc7 l=[::1]:9040 r=[2a09:bac5:40f4:1a96::2a6:6a]:47330
t=2025-07-26T14:53:32+0530 lvl=info msg="join connections" obj=join id=2505346ae29a l=[::1]:9040 r=[2a09:bac5:40f4:1a96::2a6:6a]:37672
t=2025-07-26T14:53:38+0530 lvl=info msg="join connections" obj=join id=db01c8cbdd11 l=[::1]:9040 r=[2a09:bac5:40f4:1a96::2a6:6a]:22798
t=2025-07-26T14:53:44+0530 lvl=info msg="join connections" obj=join id=b923e00d2092 l=[::1]:9040 r=[2a09:bac5:40f4:1a96::2a6:6a]:22808
t=2025-07-26T14:53:50+0530 lvl=info msg="join connections" obj=join id=31f0231d4350 l=[::1]:9040 r=[2a09:bac5:40f4:1a96::2a6:6a]:9384
t=2025-07-26T14:53:56+0530 lvl=info msg="join connections" obj=join id=b4d0ed913a68 l=[::1]:9040 r=[2a09:bac5:40f4:1a96::2a6:6a]:9398
t=2025-07-26T14:54:02+0530 lvl=info msg="join connections" obj=join id=2ac8a298cc5d l=[::1]:9040 r=[2a09:bac5:40f4:1a96::2a6:6a]:57978
t=2025-07-26T14:54:08+0530 lvl=info msg="join connections" obj=join id=474a84ccfb32 l=[::1]:9040 r=[2a09:bac5:40f4:1a96::2a6:6a]:49944
t=2025-07-26T14:54:14+0530 lvl=info msg="join connections" obj=join id=29b93a327078 l=[::1]:9040 r=[2a09:bac5:40f4:1a96::2a6:6a]:49946
t=2025-07-26T14:54:20+0530 lvl=info msg="join connections" obj=join id=3db7bd17d7b4 l=[::1]:9040 r=[2a09:bac5:40f4:1a96::2a6:6a]:56174
t=2025-07-26T14:54:26+0530 lvl=info msg="join connections" obj=join id=d0a5257ac5ba l=[::1]:9040 r=[2a09:bac5:40f4:1a96::2a6:6a]:56184
t=2025-07-26T14:54:32+0530 lvl=info msg="join connections" obj=join id=9f2388019cfe l=[::1]:9040 r=[2a09:bac5:40f4:1a96::2a6:6a]:52288
t=2025-07-26T14:54:38+0530 lvl=info msg="join connections" obj=join id=43236359d92a l=[::1]:9040 r=[2a09:bac5:40f4:1a96::2a6:6a]:24222
t=2025-07-26T14:54:45+0530 lvl=info msg="join connections" obj=join id=89c776c10ab5 l=[::1]:9040 r=[2a09:bac5:40f4:1a96::2a6:6a]:24232
t=2025-07-26T14:54:50+0530 lvl=info msg="join connections" obj=join id=5eb1b5f173af l=[::1]:9040 r=[2a09:bac5:40f4:1a96::2a6:6a]:54134
t=2025-07-26T14:54:56+0530 lvl=info msg="join connections" obj=join id=1ee23980b8de l=[::1]:9040 r=[2a09:bac5:40f4:1a96::2a6:6a]:54150
t=2025-07-26T14:55:02+0530 lvl=info msg="join connections" obj=join id=16133ec0f787 l=[::1]:9040 r=[2a09:bac5:40f4:1a96::2a6:6a]:15188
t=2025-07-26T14:55:08+0530 lvl=info msg="join connections" obj=join id=94df5dbe5a29 l=[::1]:9040 r=[2a09:bac5:40f4:1a96::2a6:6a]:48722
t=2025-07-26T14:55:15+0530 lvl=info msg="join connections" obj=join id=052ab7619041 l=[::1]:9040 r=[2a09:bac5:40f4:1a96::2a6:6a]:48740
t=2025-07-26T14:55:20+0530 lvl=info msg="join connections" obj=join id=7453bc07ad1d l=[::1]:9040 r=[2a09:bac5:40f4:1a96::2a6:6a]:50514
t=2025-07-26T14:55:26+0530 lvl=info msg="join connections" obj=join id=b7497201a231 l=[::1]:9040 r=[2a09:bac5:40f4:1a96::2a6:6a]:50516
t=2025-07-26T14:55:32+0530 lvl=info msg="join connections" obj=join id=340ede80704a l=[::1]:9040 r=[2a09:bac5:40f4:1a96::2a6:6a]:54716
t=2025-07-26T14:55:38+0530 lvl=info msg="join connections" obj=join id=0e6b7dded280 l=[::1]:9040 r=[2a09:bac5:40f4:1a96::2a6:6a]:63002
t=2025-07-26T14:55:44+0530 lvl=info msg="join connections" obj=join id=3391f9699bec l=[::1]:9040 r=[2a09:bac5:40f4:1a96::2a6:6a]:63008
t=2025-07-26T14:55:50+0530 lvl=info msg="join connections" obj=join id=52978202a561 l=[::1]:9040 r=[2a09:bac5:40f4:1a96::2a6:6a]:13050
t=2025-07-26T14:55:57+0530 lvl=info msg="join connections" obj=join id=e81b51331a18 l=[::1]:9040 r=[2a09:bac5:40f4:1a96::2a6:6a]:13054
t=2025-07-26T14:56:02+0530 lvl=info msg="join connections" obj=join id=de464c0f679d l=[::1]:9040 r=[2a09:bac5:40f4:1a96::2a6:6a]:26840
t=2025-07-26T14:56:08+0530 lvl=info msg="join connections" obj=join id=d1a34de1e242 l=[::1]:9040 r=[2a09:bac5:40f4:1a96::2a6:6a]:20536
t=2025-07-26T14:56:14+0530 lvl=info msg="join connections" obj=join id=26f283b0ead6 l=[::1]:9040 r=[2a09:bac5:40f4:1a96::2a6:6a]:20542
t=2025-07-26T14:56:20+0530 lvl=info msg="join connections" obj=join id=b1f4ae73526a l=[::1]:9040 r=[2a09:bac5:40f4:1a96::2a6:6a]:34672
t=2025-07-26T14:56:26+0530 lvl=info msg="join connections" obj=join id=8d78663bc46b l=[::1]:9040 r=[2a09:bac5:40f4:1a96::2a6:6a]:34682
t=2025-07-26T14:56:33+0530 lvl=info msg="join connections" obj=join id=60367c467e3b l=[::1]:9040 r=[2a09:bac5:40f4:1a96::2a6:6a]:60248
t=2025-07-26T14:56:39+0530 lvl=info msg="join connections" obj=join id=0e317ca75936 l=[::1]:9040 r=[2a09:bac5:40f4:1a96::2a6:6a]:31118
t=2025-07-26T14:56:44+0530 lvl=info msg="join connections" obj=join id=56fcd2ed5a2c l=[::1]:9040 r=[2a09:bac5:40f4:1a96::2a6:6a]:31120
t=2025-07-26T14:56:50+0530 lvl=info msg="join connections" obj=join id=654156ac4291 l=[::1]:9040 r=[2a09:bac5:40f4:1a96::2a6:6a]:60822
t=2025-07-26T14:56:56+0530 lvl=info msg="join connections" obj=join id=5db2b3706ecb l=[::1]:9040 r=[2a09:bac5:40f4:1a96::2a6:6a]:60836
t=2025-07-26T14:57:03+0530 lvl=info msg="join connections" obj=join id=1b9a1f6b0fe5 l=[::1]:9040 r=[2a09:bac5:40f4:1a96::2a6:6a]:42176
t=2025-07-26T14:57:08+0530 lvl=info msg="join connections" obj=join id=afaed916f5b3 l=[::1]:9040 r=[2a09:bac5:40f4:1a96::2a6:6a]:58858
t=2025-07-26T14:57:14+0530 lvl=info msg="join connections" obj=join id=24e0921cc875 l=[::1]:9040 r=[2a09:bac5:40f4:1a96::2a6:6a]:58866
t=2025-07-26T14:57:20+0530 lvl=info msg="join connections" obj=join id=2cd45d39b454 l=[::1]:9040 r=[2a09:bac5:40f4:1a96::2a6:6a]:28628
t=2025-07-26T14:57:26+0530 lvl=info msg="join connections" obj=join id=cdc34a7a4552 l=[::1]:9040 r=[2a09:bac5:40f4:1a96::2a6:6a]:28642
t=2025-07-26T14:57:32+0530 lvl=info msg="join connections" obj=join id=b1706201eb19 l=[::1]:9040 r=[2a09:bac5:40f4:1a96::2a6:6a]:64030
t=2025-07-26T14:57:38+0530 lvl=info msg="join connections" obj=join id=d398789508c6 l=[::1]:9040 r=[2a09:bac5:40f4:1a96::2a6:6a]:11204
t=2025-07-26T14:57:44+0530 lvl=info msg="join connections" obj=join id=099c3d62ddc8 l=[::1]:9040 r=[2a09:bac5:40f4:1a96::2a6:6a]:11212
t=2025-07-26T14:57:50+0530 lvl=info msg="join connections" obj=join id=3c20c10f4e30 l=[::1]:9040 r=[2a09:bac5:40f4:1a96::2a6:6a]:15988
t=2025-07-26T14:57:56+0530 lvl=info msg="join connections" obj=join id=21877d6ed912 l=[::1]:9040 r=[2a09:bac5:40f4:1a96::2a6:6a]:15992
t=2025-07-26T14:58:02+0530 lvl=info msg="join connections" obj=join id=f8c4bbac3867 l=[::1]:9040 r=[2a09:bac5:40f4:1a96::2a6:6a]:61558
t=2025-07-26T14:58:08+0530 lvl=info msg="join connections" obj=join id=df710a96e9cf l=[::1]:9040 r=[2a09:bac5:40f4:1a96::2a6:6a]:33400
t=2025-07-26T14:58:14+0530 lvl=info msg="join connections" obj=join id=56b670cddbf3 l=[::1]:9040 r=[2a09:bac5:40f4:1a96::2a6:6a]:33416
t=2025-07-26T14:58:20+0530 lvl=info msg="join connections" obj=join id=7f352889926b l=[::1]:9040 r=[2a09:bac5:40f4:1a96::2a6:6a]:23912
t=2025-07-26T14:58:26+0530 lvl=info msg="join connections" obj=join id=13e064090a43 l=[::1]:9040 r=[2a09:bac5:40f4:1a96::2a6:6a]:23918
t=2025-07-26T14:58:32+0530 lvl=info msg="join connections" obj=join id=4dd4e7ca6560 l=[::1]:9040 r=[2a09:bac5:40f4:1a96::2a6:6a]:33232
t=2025-07-26T14:58:38+0530 lvl=info msg="join connections" obj=join id=29d9f3320334 l=[::1]:9040 r=[2a09:bac5:40f4:1a96::2a6:6a]:22854
t=2025-07-26T14:58:44+0530 lvl=info msg="join connections" obj=join id=849253fd0c81 l=[::1]:9040 r=[2a09:bac5:40f4:1a96::2a6:6a]:22868
t=2025-07-26T14:58:50+0530 lvl=info msg="join connections" obj=join id=a80343c0ea38 l=[::1]:9040 r=[2a09:bac5:40f4:1a96::2a6:6a]:35340
t=2025-07-26T14:58:56+0530 lvl=info msg="join connections" obj=join id=a704814dd0fe l=[::1]:9040 r=[2a09:bac5:40f4:1a96::2a6:6a]:35352
t=2025-07-26T14:59:03+0530 lvl=info msg="join connections" obj=join id=76194129a311 l=[::1]:9040 r=[2a09:bac5:40f4:1a96::2a6:6a]:57988
t=2025-07-26T14:59:08+0530 lvl=info msg="join connections" obj=join id=3bb92ea56647 l=[::1]:9040 r=[2a09:bac5:40f4:1a96::2a6:6a]:60980
t=2025-07-26T14:59:15+0530 lvl=info msg="join connections" obj=join id=1d432b0b1aa4 l=[::1]:9040 r=[2a09:bac5:40f4:1a96::2a6:6a]:60984
t=2025-07-26T14:59:20+0530 lvl=info msg="join connections" obj=join id=993123f48674 l=[::1]:9040 r=[2a09:bac5:40f4:1a96::2a6:6a]:38214
t=2025-07-26T14:59:26+0530 lvl=info msg="join connections" obj=join id=3f6ca09415d2 l=[::1]:9040 r=[2a09:bac5:40f4:1a96::2a6:6a]:38216
t=2025-07-26T14:59:32+0530 lvl=info msg="join connections" obj=join id=956cbc02fda7 l=[::1]:9040 r=[2a09:bac5:40f4:1a96::2a6:6a]:58732
t=2025-07-26T14:59:38+0530 lvl=info msg="join connections" obj=join id=11d819a4849b l=[::1]:9040 r=[2a09:bac5:40f4:1a96::2a6:6a]:55810
t=2025-07-26T14:59:45+0530 lvl=info msg="join connections" obj=join id=e25f5240f7a5 l=[::1]:9040 r=[2a09:bac5:40f4:1a96::2a6:6a]:55824
t=2025-07-26T14:59:50+0530 lvl=info msg="join connections" obj=join id=b4f9ef4b498d l=[::1]:9040 r=[2a09:bac5:40f4:1a96::2a6:6a]:24056
t=2025-07-26T14:59:56+0530 lvl=info msg="join connections" obj=join id=1208299ec182 l=[::1]:9040 r=[2a09:bac5:40f4:1a96::2a6:6a]:24060
t=2025-07-26T15:00:02+0530 lvl=info msg="join connections" obj=join id=eee0770c88d1 l=[::1]:9040 r=[2a09:bac5:40f4:1a96::2a6:6a]:22494
t=2025-07-26T15:00:08+0530 lvl=info msg="join connections" obj=join id=f53a1598061c l=[::1]:9040 r=[2a09:bac5:40f4:1a96::2a6:6a]:63280
t=2025-07-26T15:00:14+0530 lvl=info msg="join connections" obj=join id=cbd630127fb4 l=[::1]:9040 r=[2a09:bac5:40f4:1a96::2a6:6a]:63288
t=2025-07-26T15:00:20+0530 lvl=info msg="join connections" obj=join id=3b1feb790ab0 l=[::1]:9040 r=[2a09:bac5:40f4:1a96::2a6:6a]:41104
t=2025-07-26T15:00:27+0530 lvl=info msg="join connections" obj=join id=362e7ecdcdcc l=[::1]:9040 r=[2a09:bac5:40f4:1a96::2a6:6a]:41120
t=2025-07-26T15:00:32+0530 lvl=info msg="join connections" obj=join id=1e7da2a168ff l=[::1]:9040 r=[2a09:bac5:40f4:1a96::2a6:6a]:43426
t=2025-07-26T15:00:38+0530 lvl=info msg="join connections" obj=join id=17cdf356e5c0 l=[::1]:9040 r=[2a09:bac5:40f4:1a96::2a6:6a]:43498
t=2025-07-26T15:00:44+0530 lvl=info msg="join connections" obj=join id=371929ba019a l=[::1]:9040 r=[2a09:bac5:40f4:1a96::2a6:6a]:43502
t=2025-07-26T15:00:50+0530 lvl=info msg="join connections" obj=join id=70a1123f6752 l=[::1]:9040 r=[2a09:bac5:40f4:1a96::2a6:6a]:26514
t=2025-07-26T15:00:56+0530 lvl=info msg="join connections" obj=join id=578dc71df0c8 l=[::1]:9040 r=[2a09:bac5:40f4:1a96::2a6:6a]:26528
t=2025-07-26T15:01:02+0530 lvl=info msg="join connections" obj=join id=b0865eed40ff l=[::1]:9040 r=[2a09:bac5:40f4:1a96::2a6:6a]:18622
t=2025-07-26T15:01:08+0530 lvl=info msg="join connections" obj=join id=37c85d320c1d l=[::1]:9040 r=[2a09:bac5:40f4:1a96::2a6:6a]:46622
t=2025-07-26T15:01:14+0530 lvl=info msg="join connections" obj=join id=6c9eec619083 l=[::1]:9040 r=[2a09:bac5:40f4:1a96::2a6:6a]:46626
t=2025-07-26T15:01:20+0530 lvl=info msg="join connections" obj=join id=605df9fcf55c l=[::1]:9040 r=[2a09:bac5:40f4:1a96::2a6:6a]:52670
t=2025-07-26T15:01:26+0530 lvl=info msg="join connections" obj=join id=6f9bd6a3942a l=[::1]:9040 r=[2a09:bac5:40f4:1a96::2a6:6a]:52674
t=2025-07-26T15:01:32+0530 lvl=info msg="join connections" obj=join id=e8864e583709 l=[::1]:9040 r=[2a09:bac5:40f4:1a96::2a6:6a]:26148
t=2025-07-26T15:01:38+0530 lvl=info msg="join connections" obj=join id=97bd2f525a8c l=[::1]:9040 r=[2a09:bac5:40f4:1a96::2a6:6a]:43156
t=2025-07-26T15:01:44+0530 lvl=info msg="join connections" obj=join id=5fd66dda713f l=[::1]:9040 r=[2a09:bac5:40f4:1a96::2a6:6a]:43168
t=2025-07-26T15:01:51+0530 lvl=info msg="join connections" obj=join id=555edfbd921a l=[::1]:9040 r=[2a09:bac5:40f4:1a96::2a6:6a]:34210
t=2025-07-26T15:01:56+0530 lvl=info msg="join connections" obj=join id=40f2b344cbaa l=[::1]:9040 r=[2a09:bac5:40f4:1a96::2a6:6a]:34222
t=2025-07-26T15:02:02+0530 lvl=info msg="join connections" obj=join id=1195c6e3dd21 l=[::1]:9040 r=[2a09:bac5:40f4:1a96::2a6:6a]:20656
t=2025-07-26T15:02:08+0530 lvl=info msg="join connections" obj=join id=329426887907 l=[::1]:9040 r=[2a09:bac5:40f4:1a96::2a6:6a]:36218
t=2025-07-26T15:02:14+0530 lvl=info msg="join connections" obj=join id=ef11cff8cec0 l=[::1]:9040 r=[2a09:bac5:40f4:1a96::2a6:6a]:36230
t=2025-07-26T15:02:20+0530 lvl=info msg="join connections" obj=join id=d133187fb0d4 l=[::1]:9040 r=[2a09:bac5:40f4:1a96::2a6:6a]:27206
t=2025-07-26T15:02:26+0530 lvl=info msg="join connections" obj=join id=b04d7e59769a l=[::1]:9040 r=[2a09:bac5:40f4:1a96::2a6:6a]:27218
t=2025-07-26T15:02:32+0530 lvl=info msg="join connections" obj=join id=f4716af762f2 l=[::1]:9040 r=[2a09:bac5:40f4:1a96::2a6:6a]:54792
t=2025-07-26T15:02:38+0530 lvl=info msg="join connections" obj=join id=739349bea530 l=[::1]:9040 r=[2a09:bac5:40f4:1a96::2a6:6a]:27126
t=2025-07-26T15:02:44+0530 lvl=info msg="join connections" obj=join id=dea2f4bb8bce l=[::1]:9040 r=[2a09:bac5:40f4:1a96::2a6:6a]:27128
t=2025-07-26T15:02:51+0530 lvl=info msg="join connections" obj=join id=dbb1663eae9a l=[::1]:9040 r=[2a09:bac5:40f4:1a96::2a6:6a]:24016
t=2025-07-26T15:02:56+0530 lvl=info msg="join connections" obj=join id=69222d1e57a8 l=[::1]:9040 r=[2a09:bac5:40f4:1a96::2a6:6a]:24032
t=2025-07-26T15:03:02+0530 lvl=info msg="join connections" obj=join id=4824e7ed4229 l=[::1]:9040 r=[2a09:bac5:40f4:1a96::2a6:6a]:41276
t=2025-07-26T15:03:08+0530 lvl=info msg="join connections" obj=join id=c3540f043739 l=[::1]:9040 r=[2a09:bac5:40f4:1a96::2a6:6a]:62288
t=2025-07-26T15:03:14+0530 lvl=info msg="join connections" obj=join id=1036001b5aae l=[::1]:9040 r=[2a09:bac5:40f4:1a96::2a6:6a]:62292
t=2025-07-26T15:03:20+0530 lvl=info msg="join connections" obj=join id=89f1d8059810 l=[::1]:9040 r=[2a09:bac5:40f4:1a96::2a6:6a]:31884
t=2025-07-26T15:03:26+0530 lvl=info msg="join connections" obj=join id=5fa78b28db2f l=[::1]:9040 r=[2a09:bac5:40f4:1a96::2a6:6a]:31896
t=2025-07-26T15:03:32+0530 lvl=info msg="join connections" obj=join id=74841a78b2c2 l=[::1]:9040 r=[2a09:bac5:40f4:1a96::2a6:6a]:39836
t=2025-07-26T15:03:38+0530 lvl=info msg="join connections" obj=join id=d586507e2aea l=[::1]:9040 r=[2a09:bac5:40f4:1a96::2a6:6a]:17430
t=2025-07-26T15:03:44+0530 lvl=info msg="join connections" obj=join id=5aade81d3aca l=[::1]:9040 r=[2a09:bac5:40f4:1a96::2a6:6a]:17446
t=2025-07-26T15:03:51+0530 lvl=info msg="join connections" obj=join id=beb11fcd8003 l=[::1]:9040 r=[2a09:bac5:40f4:1a96::2a6:6a]:60426
t=2025-07-26T15:03:57+0530 lvl=info msg="join connections" obj=join id=8c1cf36ee275 l=[::1]:9040 r=[2a09:bac5:40f4:1a96::2a6:6a]:60428
t=2025-07-26T15:04:02+0530 lvl=info msg="join connections" obj=join id=e160e60320ad l=[::1]:9040 r=[2a09:bac5:40f4:1a96::2a6:6a]:46276
t=2025-07-26T15:04:08+0530 lvl=info msg="join connections" obj=join id=db71d0a19ffc l=[::1]:9040 r=[2a09:bac5:40f4:1a96::2a6:6a]:30716
t=2025-07-26T15:04:14+0530 lvl=info msg="join connections" obj=join id=a152d623828a l=[::1]:9040 r=[2a09:bac5:40f4:1a96::2a6:6a]:30726
t=2025-07-26T15:04:20+0530 lvl=info msg="join connections" obj=join id=257fb19ca348 l=[::1]:9040 r=[2a09:bac5:40f4:1a96::2a6:6a]:53236
t=2025-07-26T15:04:26+0530 lvl=info msg="join connections" obj=join id=199490e0bb0a l=[::1]:9040 r=[2a09:bac5:40f4:1a96::2a6:6a]:53248
t=2025-07-26T15:04:32+0530 lvl=info msg="join connections" obj=join id=fdf36a781c66 l=[::1]:9040 r=[2a09:bac5:40f4:1a96::2a6:6a]:59588
t=2025-07-26T15:04:38+0530 lvl=info msg="join connections" obj=join id=811114d4e06d l=[::1]:9040 r=[2a09:bac5:40f4:1a96::2a6:6a]:19066
t=2025-07-26T15:04:45+0530 lvl=info msg="join connections" obj=join id=ce5504d636e3 l=[::1]:9040 r=[2a09:bac5:40f4:1a96::2a6:6a]:19076
t=2025-07-26T15:04:50+0530 lvl=info msg="join connections" obj=join id=81d5be6245c8 l=[::1]:9040 r=[2a09:bac5:40f4:1a96::2a6:6a]:58868
t=2025-07-26T15:04:56+0530 lvl=info msg="join connections" obj=join id=038502c66268 l=[::1]:9040 r=[2a09:bac5:40f4:1a96::2a6:6a]:58882
t=2025-07-26T15:05:02+0530 lvl=info msg="join connections" obj=join id=ad8c4be3bbac l=[::1]:9040 r=[2a09:bac5:40f4:1a96::2a6:6a]:59344
t=2025-07-26T15:05:08+0530 lvl=info msg="join connections" obj=join id=b5a96bbde2b6 l=[::1]:9040 r=[2a09:bac5:40f4:1a96::2a6:6a]:53396
t=2025-07-26T15:05:14+0530 lvl=info msg="join connections" obj=join id=b0c179e57d40 l=[::1]:9040 r=[2a09:bac5:40f4:1a96::2a6:6a]:53410
t=2025-07-26T15:05:20+0530 lvl=info msg="join connections" obj=join id=3a1e020929e0 l=[::1]:9040 r=[2a09:bac5:40f4:1a96::2a6:6a]:39270
t=2025-07-26T15:05:26+0530 lvl=info msg="join connections" obj=join id=1711c5c5327a l=[::1]:9040 r=[2a09:bac5:40f4:1a96::2a6:6a]:39282
t=2025-07-26T15:05:32+0530 lvl=info msg="join connections" obj=join id=a6daff81b98a l=[::1]:9040 r=[2a09:bac5:40f4:1a96::2a6:6a]:12892
t=2025-07-26T15:05:38+0530 lvl=info msg="join connections" obj=join id=e2e3d9dd2e53 l=[::1]:9040 r=[2a09:bac5:40f4:1a96::2a6:6a]:25690
t=2025-07-26T15:05:44+0530 lvl=info msg="join connections" obj=join id=9db4478e2c6a l=[::1]:9040 r=[2a09:bac5:40f4:1a96::2a6:6a]:25702
t=2025-07-26T15:05:50+0530 lvl=info msg="join connections" obj=join id=f5525923e1cf l=[::1]:9040 r=[2a09:bac5:40f4:1a96::2a6:6a]:64768
t=2025-07-26T15:05:56+0530 lvl=info msg="join connections" obj=join id=650e53b33aad l=[::1]:9040 r=[2a09:bac5:40f4:1a96::2a6:6a]:64778
t=2025-07-26T15:06:02+0530 lvl=info msg="join connections" obj=join id=62f221087a58 l=[::1]:9040 r=[2a09:bac5:40f4:1a96::2a6:6a]:63414
t=2025-07-26T15:06:08+0530 lvl=info msg="join connections" obj=join id=6ab124d43394 l=[::1]:9040 r=[2a09:bac5:40f4:1a96::2a6:6a]:46520
t=2025-07-26T15:06:14+0530 lvl=info msg="join connections" obj=join id=9cd018365367 l=[::1]:9040 r=[2a09:bac5:40f4:1a96::2a6:6a]:46532
t=2025-07-26T15:06:20+0530 lvl=info msg="join connections" obj=join id=49b399254631 l=[::1]:9040 r=[2a09:bac5:40f4:1a96::2a6:6a]:19716
t=2025-07-26T15:06:27+0530 lvl=info msg="join connections" obj=join id=2c2859fb5925 l=[::1]:9040 r=[2a09:bac5:40f4:1a96::2a6:6a]:19718
t=2025-07-26T15:06:32+0530 lvl=info msg="join connections" obj=join id=be20e4458d26 l=[::1]:9040 r=[2a09:bac5:40f4:1a96::2a6:6a]:30034
t=2025-07-26T15:06:38+0530 lvl=info msg="join connections" obj=join id=43cd744b663e l=[::1]:9040 r=[2a09:bac5:40f4:1a96::2a6:6a]:24084
t=2025-07-26T15:06:44+0530 lvl=info msg="join connections" obj=join id=136fdacf10df l=[::1]:9040 r=[2a09:bac5:40f4:1a96::2a6:6a]:24098
t=2025-07-26T15:06:50+0530 lvl=info msg="join connections" obj=join id=5b73dc94b37d l=[::1]:9040 r=[2a09:bac5:40f4:1a96::2a6:6a]:63536
t=2025-07-26T15:06:56+0530 lvl=info msg="join connections" obj=join id=b0842d2dfff7 l=[::1]:9040 r=[2a09:bac5:40f4:1a96::2a6:6a]:52824
t=2025-07-26T15:07:03+0530 lvl=info msg="join connections" obj=join id=752a19289ccc l=[::1]:9040 r=[2a09:bac5:40f4:1a96::2a6:6a]:27708
t=2025-07-26T15:07:08+0530 lvl=info msg="join connections" obj=join id=de9b496997ef l=[::1]:9040 r=[2a09:bac5:40f4:1a96::2a6:6a]:50430
t=2025-07-26T15:07:14+0530 lvl=info msg="join connections" obj=join id=efd31a6feda4 l=[::1]:9040 r=[2a09:bac5:40f4:1a96::2a6:6a]:50434
t=2025-07-26T15:07:20+0530 lvl=info msg="join connections" obj=join id=c96b4643faea l=[::1]:9040 r=[2a09:bac5:40f4:1a96::2a6:6a]:27964
t=2025-07-26T15:07:26+0530 lvl=info msg="join connections" obj=join id=07a6e0686902 l=[::1]:9040 r=[2a09:bac5:40f4:1a96::2a6:6a]:27966
t=2025-07-26T15:07:32+0530 lvl=info msg="join connections" obj=join id=d49cf5cc759d l=[::1]:9040 r=[2a09:bac5:40f4:1a96::2a6:6a]:26888
t=2025-07-26T15:07:38+0530 lvl=info msg="join connections" obj=join id=0517b323ea22 l=[::1]:9040 r=[2a09:bac5:40f4:1a96::2a6:6a]:21872
t=2025-07-26T15:07:44+0530 lvl=info msg="join connections" obj=join id=92ad80f7e1af l=[::1]:9040 r=[2a09:bac5:40f4:1a96::2a6:6a]:21896
t=2025-07-26T15:07:51+0530 lvl=info msg="join connections" obj=join id=00d446129540 l=[::1]:9040 r=[2a09:bac5:40f4:1a96::2a6:6a]:38766
t=2025-07-26T15:07:56+0530 lvl=info msg="join connections" obj=join id=4983ebd766e1 l=[::1]:9040 r=[2a09:bac5:40f4:1a96::2a6:6a]:38768
t=2025-07-26T15:08:02+0530 lvl=info msg="join connections" obj=join id=4003c8cd5609 l=[::1]:9040 r=[2a09:bac5:40f4:1a96::2a6:6a]:59758
t=2025-07-26T15:08:08+0530 lvl=info msg="join connections" obj=join id=03aead9f06b1 l=[::1]:9040 r=[2a09:bac5:40f4:1a96::2a6:6a]:57582
t=2025-07-26T15:08:14+0530 lvl=info msg="join connections" obj=join id=095fed14402a l=[::1]:9040 r=[2a09:bac5:40f4:1a96::2a6:6a]:57592
t=2025-07-26T15:08:20+0530 lvl=info msg="join connections" obj=join id=298b1d2013cb l=[::1]:9040 r=[2a09:bac5:40f4:1a96::2a6:6a]:24480
t=2025-07-26T15:08:26+0530 lvl=info msg="join connections" obj=join id=c1a8114e718e l=[::1]:9040 r=[2a09:bac5:40f4:1a96::2a6:6a]:24496
t=2025-07-26T15:08:32+0530 lvl=info msg="join connections" obj=join id=2dca738f25d8 l=[::1]:9040 r=[2a09:bac5:40f4:1a96::2a6:6a]:38264
t=2025-07-26T15:08:38+0530 lvl=info msg="join connections" obj=join id=609fcccd3699 l=[::1]:9040 r=[2a09:bac5:40f4:1a96::2a6:6a]:54632
t=2025-07-26T15:08:44+0530 lvl=info msg="join connections" obj=join id=2a110bad8e8f l=[::1]:9040 r=[2a09:bac5:40f4:1a96::2a6:6a]:54636
t=2025-07-26T15:08:50+0530 lvl=info msg="join connections" obj=join id=902b414cfef1 l=[::1]:9040 r=[2a09:bac5:40f4:1a96::2a6:6a]:26010
t=2025-07-26T15:08:56+0530 lvl=info msg="join connections" obj=join id=101a610e3bce l=[::1]:9040 r=[2a09:bac5:40f4:1a96::2a6:6a]:26014
t=2025-07-26T15:09:02+0530 lvl=info msg="join connections" obj=join id=ba32d76b4ef3 l=[::1]:9040 r=[2a09:bac5:40f4:1a96::2a6:6a]:57814
t=2025-07-26T15:09:08+0530 lvl=info msg="join connections" obj=join id=ffd7598ca452 l=[::1]:9040 r=[2a09:bac5:40f4:1a96::2a6:6a]:29978
t=2025-07-26T15:09:14+0530 lvl=info msg="join connections" obj=join id=b9d0cd410c0b l=[::1]:9040 r=[2a09:bac5:40f4:1a96::2a6:6a]:29980
t=2025-07-26T15:09:20+0530 lvl=info msg="join connections" obj=join id=8842100f300b l=[::1]:9040 r=[2a09:bac5:40f4:1a96::2a6:6a]:23982
t=2025-07-26T15:09:26+0530 lvl=info msg="join connections" obj=join id=32d733e6e933 l=[::1]:9040 r=[2a09:bac5:40f4:1a96::2a6:6a]:23996
t=2025-07-26T15:09:32+0530 lvl=info msg="join connections" obj=join id=b49288cb8a66 l=[::1]:9040 r=[2a09:bac5:40f4:1a96::2a6:6a]:11200
t=2025-07-26T15:09:38+0530 lvl=info msg="join connections" obj=join id=c32057f69498 l=[::1]:9040 r=[2a09:bac5:40f4:1a96::2a6:6a]:62660
t=2025-07-26T15:09:44+0530 lvl=info msg="join connections" obj=join id=885bfedb83f8 l=[::1]:9040 r=[2a09:bac5:40f4:1a96::2a6:6a]:62670
t=2025-07-26T15:09:50+0530 lvl=info msg="join connections" obj=join id=04f08637c811 l=[::1]:9040 r=[2a09:bac5:40f4:1a96::2a6:6a]:46310
t=2025-07-26T15:09:56+0530 lvl=info msg="join connections" obj=join id=6907148359b4 l=[::1]:9040 r=[2a09:bac5:40f4:1a96::2a6:6a]:46312
t=2025-07-26T15:10:02+0530 lvl=info msg="join connections" obj=join id=32982438d601 l=[::1]:9040 r=[2a09:bac5:40f4:1a96::2a6:6a]:63072
t=2025-07-26T15:10:08+0530 lvl=info msg="join connections" obj=join id=f6c1e09bc1c5 l=[::1]:9040 r=[2a09:bac5:40f4:1a96::2a6:6a]:11194
t=2025-07-26T15:10:14+0530 lvl=info msg="join connections" obj=join id=76f6fe112ad0 l=[::1]:9040 r=[2a09:bac5:40f4:1a96::2a6:6a]:11210
t=2025-07-26T15:10:20+0530 lvl=info msg="join connections" obj=join id=42ade8bb1105 l=[::1]:9040 r=[2a09:bac5:40f4:1a96::2a6:6a]:62252
t=2025-07-26T15:10:26+0530 lvl=info msg="join connections" obj=join id=d9fc0b584865 l=[::1]:9040 r=[2a09:bac5:40f4:1a96::2a6:6a]:62256
t=2025-07-26T15:10:32+0530 lvl=info msg="join connections" obj=join id=c28f3d8be9e3 l=[::1]:9040 r=[2a09:bac5:40f4:1a96::2a6:6a]:63150
t=2025-07-26T15:10:38+0530 lvl=info msg="join connections" obj=join id=a328e9d9fd31 l=[::1]:9040 r=[2a09:bac5:40f4:1a96::2a6:6a]:27518
t=2025-07-26T15:10:44+0530 lvl=info msg="join connections" obj=join id=732c2599553a l=[::1]:9040 r=[2a09:bac5:40f4:1a96::2a6:6a]:27524
t=2025-07-26T15:10:50+0530 lvl=info msg="join connections" obj=join id=fac4ac6accc9 l=[::1]:9040 r=[2a09:bac5:40f4:1a96::2a6:6a]:42770
t=2025-07-26T15:10:56+0530 lvl=info msg="join connections" obj=join id=17feafc05191 l=[::1]:9040 r=[2a09:bac5:40f4:1a96::2a6:6a]:42778
t=2025-07-26T15:11:02+0530 lvl=info msg="join connections" obj=join id=4c2b3917dc12 l=[::1]:9040 r=[2a09:bac5:40f4:1a96::2a6:6a]:64070
t=2025-07-26T15:11:08+0530 lvl=info msg="join connections" obj=join id=02daf7735d96 l=[::1]:9040 r=[2a09:bac5:40f4:1a96::2a6:6a]:50094
t=2025-07-26T15:11:13+0530 lvl=info msg="join connections" obj=join id=5ea5b9fc2910 l=[::1]:9040 r=[2a09:bac5:40f4:1a96::2a6:6a]:50100
t=2025-07-26T15:11:19+0530 lvl=info msg="join connections" obj=join id=b36b7c021955 l=[::1]:9040 r=[2a09:bac5:40f4:1a96::2a6:6a]:37096
t=2025-07-26T15:11:25+0530 lvl=info msg="join connections" obj=join id=a62193de9f85 l=[::1]:9040 r=[2a09:bac5:40f4:1a96::2a6:6a]:37112
t=2025-07-26T15:11:31+0530 lvl=info msg="join connections" obj=join id=3f346d72898f l=[::1]:9040 r=[2a09:bac5:40f4:1a96::2a6:6a]:18802
t=2025-07-26T15:11:37+0530 lvl=info msg="join connections" obj=join id=9ed5e7bc0138 l=[::1]:9040 r=[2a09:bac5:40f4:1a96::2a6:6a]:18818
t=2025-07-26T15:11:43+0530 lvl=info msg="join connections" obj=join id=b64b44fa2d18 l=[::1]:9040 r=[2a09:bac5:40f4:1a96::2a6:6a]:35822
t=2025-07-26T15:11:50+0530 lvl=info msg="join connections" obj=join id=b3e7ea32c7a8 l=[::1]:9040 r=[2a09:bac5:40f4:1a96::2a6:6a]:18614
t=2025-07-26T15:11:55+0530 lvl=info msg="join connections" obj=join id=c2ad985e4484 l=[::1]:9040 r=[2a09:bac5:40f4:1a96::2a6:6a]:18624
t=2025-07-26T15:12:01+0530 lvl=info msg="join connections" obj=join id=065d694cce81 l=[::1]:9040 r=[2a09:bac5:40f4:1a96::2a6:6a]:64610
t=2025-07-26T15:12:07+0530 lvl=info msg="join connections" obj=join id=d51982145f04 l=[::1]:9040 r=[2a09:bac5:40f4:1a96::2a6:6a]:64624
t=2025-07-26T15:12:13+0530 lvl=info msg="join connections" obj=join id=d236d3e9fd3c l=[::1]:9040 r=[2a09:bac5:40f4:1a96::2a6:6a]:32082
t=2025-07-26T15:12:19+0530 lvl=info msg="join connections" obj=join id=b452ccc07cbe l=[::1]:9040 r=[2a09:bac5:40f4:1a96::2a6:6a]:51764
t=2025-07-26T15:12:25+0530 lvl=info msg="join connections" obj=join id=083cb137c39d l=[::1]:9040 r=[2a09:bac5:40f4:1a96::2a6:6a]:23154
t=2025-07-26T15:12:31+0530 lvl=info msg="join connections" obj=join id=932d0c60d0f9 l=[::1]:9040 r=[2a09:bac5:40f4:1a96::2a6:6a]:14114
t=2025-07-26T15:12:37+0530 lvl=info msg="join connections" obj=join id=1005bb186b9f l=[::1]:9040 r=[2a09:bac5:40f4:1a96::2a6:6a]:14122
t=2025-07-26T15:12:44+0530 lvl=info msg="join connections" obj=join id=9664a8a3d7f8 l=[::1]:9040 r=[2a09:bac5:40f4:1a96::2a6:6a]:31462
t=2025-07-26T15:12:49+0530 lvl=info msg="join connections" obj=join id=2fb72e639c18 l=[::1]:9040 r=[2a09:bac5:40f4:1a96::2a6:6a]:63022
t=2025-07-26T15:12:55+0530 lvl=info msg="join connections" obj=join id=5a3172794a8b l=[::1]:9040 r=[2a09:bac5:40f4:1a96::2a6:6a]:63034
t=2025-07-26T15:13:01+0530 lvl=info msg="join connections" obj=join id=6d4c912da668 l=[::1]:9040 r=[2a09:bac5:40f4:1a96::2a6:6a]:37782
t=2025-07-26T15:13:07+0530 lvl=info msg="join connections" obj=join id=825509ef73a2 l=[::1]:9040 r=[2a09:bac5:40f4:1a96::2a6:6a]:37786
t=2025-07-26T15:13:13+0530 lvl=info msg="join connections" obj=join id=1fb83c358449 l=[::1]:9040 r=[2a09:bac5:40f4:1a96::2a6:6a]:18046
t=2025-07-26T15:13:20+0530 lvl=info msg="join connections" obj=join id=57c38e5f6079 l=[::1]:9040 r=[2a09:bac5:40f4:1a96::2a6:6a]:28652
t=2025-07-26T15:13:26+0530 lvl=info msg="join connections" obj=join id=b82640355565 l=[::1]:9040 r=[2a09:bac5:40f4:1a96::2a6:6a]:28656
t=2025-07-26T15:13:31+0530 lvl=info msg="join connections" obj=join id=7fc342a7ef41 l=[::1]:9040 r=[2a09:bac5:40f4:1a96::2a6:6a]:52866
t=2025-07-26T15:13:38+0530 lvl=info msg="join connections" obj=join id=24e2818a1f37 l=[::1]:9040 r=[2a09:bac5:40f4:1a96::2a6:6a]:61064
t=2025-07-26T15:13:44+0530 lvl=info msg="join connections" obj=join id=896d68d69844 l=[::1]:9040 r=[2a09:bac5:40f4:1a96::2a6:6a]:61072
t=2025-07-26T15:13:50+0530 lvl=info msg="join connections" obj=join id=4bf7d81c2cb6 l=[::1]:9040 r=[2a09:bac5:40f4:1a96::2a6:6a]:14098
t=2025-07-26T15:13:56+0530 lvl=info msg="join connections" obj=join id=9ca24890fbbf l=[::1]:9040 r=[2a09:bac5:40f4:1a96::2a6:6a]:14110
t=2025-07-26T15:14:02+0530 lvl=info msg="join connections" obj=join id=cc86ccfd9034 l=[::1]:9040 r=[2a09:bac5:40f4:1a96::2a6:6a]:61746
t=2025-07-26T15:14:08+0530 lvl=info msg="join connections" obj=join id=150a431487c8 l=[::1]:9040 r=[2a09:bac5:40f4:1a96::2a6:6a]:38674
t=2025-07-26T15:14:14+0530 lvl=info msg="join connections" obj=join id=af1e40c81965 l=[::1]:9040 r=[2a09:bac5:40f4:1a96::2a6:6a]:38682
t=2025-07-26T15:14:20+0530 lvl=info msg="join connections" obj=join id=a929b5e4567f l=[::1]:9040 r=[2a09:bac5:40f4:1a96::2a6:6a]:34268
t=2025-07-26T15:14:27+0530 lvl=info msg="join connections" obj=join id=8b1dd721abcc l=[::1]:9040 r=[2a09:bac5:40f4:1a96::2a6:6a]:34284
t=2025-07-26T15:14:32+0530 lvl=info msg="join connections" obj=join id=661d7afcc0f3 l=[::1]:9040 r=[2a09:bac5:40f4:1a96::2a6:6a]:57660
t=2025-07-26T15:14:38+0530 lvl=info msg="join connections" obj=join id=cfc259972909 l=[::1]:9040 r=[2a09:bac5:40f4:1a96::2a6:6a]:27404
t=2025-07-26T15:14:45+0530 lvl=info msg="join connections" obj=join id=15457e590f4e l=[::1]:9040 r=[2a09:bac5:40f4:1a96::2a6:6a]:27426
t=2025-07-26T15:14:50+0530 lvl=info msg="join connections" obj=join id=3abe6456968a l=[::1]:9040 r=[2a09:bac5:40f4:1a96::2a6:6a]:41724
t=2025-07-26T15:14:56+0530 lvl=info msg="join connections" obj=join id=84b063cbcced l=[::1]:9040 r=[2a09:bac5:40f4:1a96::2a6:6a]:41726
t=2025-07-26T15:15:02+0530 lvl=info msg="join connections" obj=join id=4c9b268f1498 l=[::1]:9040 r=[2a09:bac5:40f4:1a96::2a6:6a]:38372
t=2025-07-26T15:15:09+0530 lvl=info msg="join connections" obj=join id=9a755cfdae7f l=[::1]:9040 r=[2a09:bac5:40f4:1a96::2a6:6a]:30798
t=2025-07-26T15:15:14+0530 lvl=info msg="join connections" obj=join id=eb318458290f l=[::1]:9040 r=[2a09:bac5:40f4:1a96::2a6:6a]:30806
t=2025-07-26T15:15:21+0530 lvl=info msg="join connections" obj=join id=d76015caec5f l=[::1]:9040 r=[2a09:bac5:40f4:1a96::2a6:6a]:42934
t=2025-07-26T15:15:26+0530 lvl=info msg="join connections" obj=join id=c865ab8978e2 l=[::1]:9040 r=[2a09:bac5:40f4:1a96::2a6:6a]:42942
t=2025-07-26T15:15:32+0530 lvl=info msg="join connections" obj=join id=a408ef3d48fd l=[::1]:9040 r=[2a09:bac5:40f4:1a96::2a6:6a]:44510
t=2025-07-26T15:15:38+0530 lvl=info msg="join connections" obj=join id=65a67d132135 l=[::1]:9040 r=[2a09:bac5:40f4:1a96::2a6:6a]:9406
t=2025-07-26T15:15:44+0530 lvl=info msg="join connections" obj=join id=4e037d51696c l=[::1]:9040 r=[2a09:bac5:40f4:1a96::2a6:6a]:9422
t=2025-07-26T15:15:51+0530 lvl=info msg="join connections" obj=join id=79ff1d060281 l=[::1]:9040 r=[2a09:bac5:40f4:1a96::2a6:6a]:35742
t=2025-07-26T15:15:57+0530 lvl=info msg="join connections" obj=join id=e20ee193577f l=[::1]:9040 r=[2a09:bac5:40f4:1a96::2a6:6a]:35756
t=2025-07-26T15:16:02+0530 lvl=info msg="join connections" obj=join id=9e1d63d487a9 l=[::1]:9040 r=[2a09:bac5:40f4:1a96::2a6:6a]:17724
t=2025-07-26T15:16:08+0530 lvl=info msg="join connections" obj=join id=7a73cc8f033f l=[::1]:9040 r=[2a09:bac5:40f4:1a96::2a6:6a]:61798
t=2025-07-26T15:16:14+0530 lvl=info msg="join connections" obj=join id=6ee99e2d906a l=[::1]:9040 r=[2a09:bac5:40f4:1a96::2a6:6a]:61814
t=2025-07-26T15:16:15+0530 lvl=info msg="join connections" obj=join id=2e77c340db46 l=[::1]:9040 r=140.82.115.79:65212
t=2025-07-26T15:16:21+0530 lvl=info msg="join connections" obj=join id=4d8fe514fa57 l=[::1]:9040 r=[2a09:bac5:40f4:1a96::2a6:6a]:9108
t=2025-07-26T15:16:26+0530 lvl=info msg="join connections" obj=join id=70168a62b402 l=[::1]:9040 r=[2a09:bac5:40f4:1a96::2a6:6a]:9116
t=2025-07-26T15:16:31+0530 lvl=info msg="join connections" obj=join id=4341da8ec8d7 l=[::1]:9040 r=[2a09:bac5:40f4:1a96::2a6:6a]:9318
t=2025-07-26T15:16:36+0530 lvl=info msg="join connections" obj=join id=d15d9152f89d l=[::1]:9040 r=[2a09:bac5:40f4:1a96::2a6:6a]:9326
t=2025-07-26T15:16:36+0530 lvl=info msg="join connections" obj=join id=faac15e247c0 l=[::1]:9040 r=[2a09:bac5:40f4:1a96::2a6:6a]:9326
t=2025-07-26T15:16:42+0530 lvl=info msg="join connections" obj=join id=39b9c7fce58e l=[::1]:9040 r=[2a09:bac5:40f4:1a96::2a6:6a]:36386
t=2025-07-26T15:16:42+0530 lvl=info msg="join connections" obj=join id=cc54da778202 l=[::1]:9040 r=[2a09:bac5:40f4:1a96::2a6:6a]:36386
t=2025-07-26T15:16:47+0530 lvl=info msg="join connections" obj=join id=085d0467be80 l=[::1]:9040 r=[2a09:bac5:40f4:1a96::2a6:6a]:36392
t=2025-07-26T15:16:47+0530 lvl=info msg="join connections" obj=join id=a291a5f87e2a l=[::1]:9040 r=[2a09:bac5:40f4:1a96::2a6:6a]:36392
t=2025-07-26T15:16:52+0530 lvl=info msg="join connections" obj=join id=c99ac3b2fc6b l=[::1]:9040 r=[2a09:bac5:40f4:1a96::2a6:6a]:45660
t=2025-07-26T15:16:52+0530 lvl=info msg="join connections" obj=join id=86d04a03b659 l=[::1]:9040 r=[2a09:bac5:40f4:1a96::2a6:6a]:45660
t=2025-07-26T15:16:57+0530 lvl=info msg="join connections" obj=join id=a6fd3752720a l=[::1]:9040 r=[2a09:bac5:40f4:1a96::2a6:6a]:45670
t=2025-07-26T15:16:57+0530 lvl=info msg="join connections" obj=join id=e06f7a916df9 l=[::1]:9040 r=[2a09:bac5:40f4:1a96::2a6:6a]:45670
t=2025-07-26T15:17:03+0530 lvl=info msg="join connections" obj=join id=00a4726c82c9 l=[::1]:9040 r=[2a09:bac5:40f4:1a96::2a6:6a]:24580
t=2025-07-26T15:17:03+0530 lvl=info msg="join connections" obj=join id=ee997f0b25f3 l=[::1]:9040 r=[2a09:bac5:40f4:1a96::2a6:6a]:24580
t=2025-07-26T15:17:08+0530 lvl=info msg="join connections" obj=join id=f57d06b6243d l=[::1]:9040 r=[2a09:bac5:40f4:1a96::2a6:6a]:16526
t=2025-07-26T15:17:08+0530 lvl=info msg="join connections" obj=join id=96c8a26e5ea6 l=[::1]:9040 r=[2a09:bac5:40f4:1a96::2a6:6a]:16526
t=2025-07-26T15:17:13+0530 lvl=info msg="join connections" obj=join id=6dc44b11947c l=[::1]:9040 r=[2a09:bac5:40f4:1a96::2a6:6a]:16534
t=2025-07-26T15:17:13+0530 lvl=info msg="join connections" obj=join id=2d0d948f7ed2 l=[::1]:9040 r=[2a09:bac5:40f4:1a96::2a6:6a]:16534
t=2025-07-26T15:17:18+0530 lvl=info msg="join connections" obj=join id=454fe4c7cdbb l=[::1]:9040 r=[2a09:bac5:40f4:1a96::2a6:6a]:63688
t=2025-07-26T15:17:18+0530 lvl=info msg="join connections" obj=join id=402ad3a59181 l=[::1]:9040 r=[2a09:bac5:40f4:1a96::2a6:6a]:63688
t=2025-07-26T15:17:24+0530 lvl=info msg="join connections" obj=join id=8c96ef4257df l=[::1]:9040 r=[2a09:bac5:40f4:1a96::2a6:6a]:63694
t=2025-07-26T15:17:24+0530 lvl=info msg="join connections" obj=join id=bd4620bcfa4b l=[::1]:9040 r=[2a09:bac5:40f4:1a96::2a6:6a]:63694
t=2025-07-26T15:17:29+0530 lvl=info msg="join connections" obj=join id=a7012494c237 l=[::1]:9040 r=[2a09:bac5:40f4:1a96::2a6:6a]:29170
t=2025-07-26T15:17:29+0530 lvl=info msg="join connections" obj=join id=0436f7784b64 l=[::1]:9040 r=[2a09:bac5:40f4:1a96::2a6:6a]:29170
t=2025-07-26T15:17:35+0530 lvl=info msg="join connections" obj=join id=81e2fbc2cf52 l=[::1]:9040 r=[2a09:bac5:40f4:1a96::2a6:6a]:29178
t=2025-07-26T15:17:35+0530 lvl=info msg="join connections" obj=join id=4520cb7a648f l=[::1]:9040 r=[2a09:bac5:40f4:1a96::2a6:6a]:29178
t=2025-07-26T15:17:40+0530 lvl=info msg="join connections" obj=join id=2e90b09ef48c l=[::1]:9040 r=[2a09:bac5:40f4:1a96::2a6:6a]:26288
t=2025-07-26T15:17:40+0530 lvl=info msg="join connections" obj=join id=a70736d8a516 l=[::1]:9040 r=[2a09:bac5:40f4:1a96::2a6:6a]:26288
t=2025-07-26T15:17:45+0530 lvl=info msg="join connections" obj=join id=54204e365886 l=[::1]:9040 r=[2a09:bac5:40f4:1a96::2a6:6a]:45090
t=2025-07-26T15:17:45+0530 lvl=info msg="join connections" obj=join id=1d9a47b74080 l=[::1]:9040 r=[2a09:bac5:40f4:1a96::2a6:6a]:45090
t=2025-07-26T15:17:50+0530 lvl=info msg="join connections" obj=join id=65e865d016ab l=[::1]:9040 r=[2a09:bac5:40f4:1a96::2a6:6a]:39700
t=2025-07-26T15:17:50+0530 lvl=info msg="join connections" obj=join id=1554a2420292 l=[::1]:9040 r=[2a09:bac5:40f4:1a96::2a6:6a]:39700
t=2025-07-26T15:17:56+0530 lvl=info msg="join connections" obj=join id=ede484cd20b0 l=[::1]:9040 r=[2a09:bac5:40f4:1a96::2a6:6a]:39710
t=2025-07-26T15:17:56+0530 lvl=info msg="join connections" obj=join id=a2c8b40a8a0c l=[::1]:9040 r=[2a09:bac5:40f4:1a96::2a6:6a]:39710
t=2025-07-26T15:18:01+0530 lvl=info msg="join connections" obj=join id=a2d551346c65 l=[::1]:9040 r=[2a09:bac5:40f4:1a96::2a6:6a]:56730
t=2025-07-26T15:18:01+0530 lvl=info msg="join connections" obj=join id=5e5bd98ab3cb l=[::1]:9040 r=[2a09:bac5:40f4:1a96::2a6:6a]:56730
t=2025-07-26T15:18:06+0530 lvl=info msg="join connections" obj=join id=5e8100e44b73 l=[::1]:9040 r=[2a09:bac5:40f4:1a96::2a6:6a]:56746
t=2025-07-26T15:18:12+0530 lvl=info msg="join connections" obj=join id=3cabe2bb0fc7 l=[::1]:9040 r=[2a09:bac5:40f4:1a96::2a6:6a]:48740
t=2025-07-26T15:18:12+0530 lvl=info msg="join connections" obj=join id=d009c025e953 l=[::1]:9040 r=[2a09:bac5:40f4:1a96::2a6:6a]:48740
t=2025-07-26T15:18:17+0530 lvl=info msg="join connections" obj=join id=1269e760ad91 l=[::1]:9040 r=[2a09:bac5:40f4:1a96::2a6:6a]:48746
t=2025-07-26T15:18:17+0530 lvl=info msg="join connections" obj=join id=ce2afb14d219 l=[::1]:9040 r=[2a09:bac5:40f4:1a96::2a6:6a]:48746
t=2025-07-26T15:18:22+0530 lvl=info msg="join connections" obj=join id=e6c0c9e3719c l=[::1]:9040 r=[2a09:bac5:40f4:1a96::2a6:6a]:50306
t=2025-07-26T15:18:22+0530 lvl=info msg="join connections" obj=join id=46ee8b87a3cd l=[::1]:9040 r=[2a09:bac5:40f4:1a96::2a6:6a]:50306
t=2025-07-26T15:18:27+0530 lvl=info msg="join connections" obj=join id=8271afdde697 l=[::1]:9040 r=[2a09:bac5:40f4:1a96::2a6:6a]:50314
t=2025-07-26T15:19:57+0530 lvl=info msg="received stop request" obj=app stopReq="{err:<nil> restart:false}"
t=2025-07-26T15:19:57+0530 lvl=info msg="session closing" obj=tunnels.session err=nil
